[ 2016-06-13T21:12:20+08:00 ] 192.168.1.88 /xinyi/
INFO: [ app_init ] --START--
INFO: Run Behavior\BuildLiteBehavior [ RunTime:0.000000s ]
INFO: [ app_init ] --END-- [ RunTime:0.003501s ]
INFO: [ app_begin ] --START--
INFO: Run Behavior\ReadHtmlCacheBehavior [ RunTime:0.001000s ]
INFO: [ app_begin ] --END-- [ RunTime:0.001000s ]
SQL: SHOW COLUMNS FROM `fz_product` [ RunTime:0.0125s ]
SQL: SELECT * FROM `fz_product` LIMIT 0,10   [ RunTime:0.0020s ]
SQL: SHOW COLUMNS FROM `fz_product_imgurl` [ RunTime:0.0035s ]
SQL: SELECT * FROM `fz_product_imgurl` WHERE ( 1=1 AND product_id='57' ) LIMIT 1   [ RunTime:0.0010s ]
SQL: SHOW COLUMNS FROM `fz_pattr` [ RunTime:0.0035s ]
NOTIC: [8] Undefined index: mapping_order D:\PHPServer\Apache24\htdocs\xinyi\ThinkPHP\Library\Think\Model\RelationModel.class.php 第 186 行.
NOTIC: [8] Undefined index: mapping_limit D:\PHPServer\Apache24\htdocs\xinyi\ThinkPHP\Library\Think\Model\RelationModel.class.php 第 187 行.
NOTIC: [8] Undefined index: relation_foreign_key D:\PHPServer\Apache24\htdocs\xinyi\ThinkPHP\Library\Think\Model\RelationModel.class.php 第 188 行.
SQL: SELECT b.name,color FROM fz_product_pattr AS a, fz_pattr AS b WHERE a.pattr_id = b.id AND a. product_id='57' [ RunTime:0.0020s ]
SQL: SHOW COLUMNS FROM `fz_ptype` [ RunTime:0.0045s ]
SQL: SELECT `ptype_name` FROM `fz_ptype` WHERE ( 1=1 AND id='28' ) LIMIT 1   [ RunTime:0.0005s ]
SQL: SELECT * FROM `fz_product_imgurl` WHERE ( 1=1 AND product_id='58' ) LIMIT 1   [ RunTime:0.0000s ]
NOTIC: [8] Undefined index: mapping_order D:\PHPServer\Apache24\htdocs\xinyi\ThinkPHP\Library\Think\Model\RelationModel.class.php 第 186 行.
NOTIC: [8] Undefined index: mapping_limit D:\PHPServer\Apache24\htdocs\xinyi\ThinkPHP\Library\Think\Model\RelationModel.class.php 第 187 行.
NOTIC: [8] Undefined index: relation_foreign_key D:\PHPServer\Apache24\htdocs\xinyi\ThinkPHP\Library\Think\Model\RelationModel.class.php 第 188 行.
SQL: SELECT b.name,color FROM fz_product_pattr AS a, fz_pattr AS b WHERE a.pattr_id = b.id AND a. product_id='58' [ RunTime:0.0000s ]
SQL: SELECT `ptype_name` FROM `fz_ptype` WHERE ( 1=1 AND id='29' ) LIMIT 1   [ RunTime:0.0005s ]
SQL: SELECT * FROM `fz_product_imgurl` WHERE ( 1=1 AND product_id='59' ) LIMIT 1   [ RunTime:0.0000s ]
NOTIC: [8] Undefined index: mapping_order D:\PHPServer\Apache24\htdocs\xinyi\ThinkPHP\Library\Think\Model\RelationModel.class.php 第 186 行.
NOTIC: [8] Undefined index: mapping_limit D:\PHPServer\Apache24\htdocs\xinyi\ThinkPHP\Library\Think\Model\RelationModel.class.php 第 187 行.
NOTIC: [8] Undefined index: relation_foreign_key D:\PHPServer\Apache24\htdocs\xinyi\ThinkPHP\Library\Think\Model\RelationModel.class.php 第 188 行.
SQL: SELECT b.name,color FROM fz_product_pattr AS a, fz_pattr AS b WHERE a.pattr_id = b.id AND a. product_id='59' [ RunTime:0.0005s ]
SQL: SELECT `ptype_name` FROM `fz_ptype` WHERE ( 1=1 AND id='26' ) LIMIT 1   [ RunTime:0.0000s ]
SQL: SELECT * FROM `fz_product_imgurl` WHERE ( 1=1 AND product_id='60' ) LIMIT 1   [ RunTime:0.0005s ]
NOTIC: [8] Undefined index: mapping_order D:\PHPServer\Apache24\htdocs\xinyi\ThinkPHP\Library\Think\Model\RelationModel.class.php 第 186 行.
NOTIC: [8] Undefined index: mapping_limit D:\PHPServer\Apache24\htdocs\xinyi\ThinkPHP\Library\Think\Model\RelationModel.class.php 第 187 行.
NOTIC: [8] Undefined index: relation_foreign_key D:\PHPServer\Apache24\htdocs\xinyi\ThinkPHP\Library\Think\Model\RelationModel.class.php 第 188 行.
SQL: SELECT b.name,color FROM fz_product_pattr AS a, fz_pattr AS b WHERE a.pattr_id = b.id AND a. product_id='60' [ RunTime:0.0005s ]
SQL: SELECT `ptype_name` FROM `fz_ptype` WHERE ( 1=1 AND id='26' ) LIMIT 1   [ RunTime:0.0000s ]
SQL: SELECT * FROM `fz_product_imgurl` WHERE ( 1=1 AND product_id='61' ) LIMIT 1   [ RunTime:0.0005s ]
NOTIC: [8] Undefined index: mapping_order D:\PHPServer\Apache24\htdocs\xinyi\ThinkPHP\Library\Think\Model\RelationModel.class.php 第 186 行.
NOTIC: [8] Undefined index: mapping_limit D:\PHPServer\Apache24\htdocs\xinyi\ThinkPHP\Library\Think\Model\RelationModel.class.php 第 187 行.
NOTIC: [8] Undefined index: relation_foreign_key D:\PHPServer\Apache24\htdocs\xinyi\ThinkPHP\Library\Think\Model\RelationModel.class.php 第 188 行.
SQL: SELECT b.name,color FROM fz_product_pattr AS a, fz_pattr AS b WHERE a.pattr_id = b.id AND a. product_id='61' [ RunTime:0.0000s ]
SQL: SELECT `ptype_name` FROM `fz_ptype` WHERE ( 1=1 AND id='26' ) LIMIT 1   [ RunTime:0.0005s ]
SQL: SELECT * FROM `fz_product_imgurl` WHERE ( 1=1 AND product_id='62' ) LIMIT 1   [ RunTime:0.0000s ]
NOTIC: [8] Undefined index: mapping_order D:\PHPServer\Apache24\htdocs\xinyi\ThinkPHP\Library\Think\Model\RelationModel.class.php 第 186 行.
NOTIC: [8] Undefined index: mapping_limit D:\PHPServer\Apache24\htdocs\xinyi\ThinkPHP\Library\Think\Model\RelationModel.class.php 第 187 行.
NOTIC: [8] Undefined index: relation_foreign_key D:\PHPServer\Apache24\htdocs\xinyi\ThinkPHP\Library\Think\Model\RelationModel.class.php 第 188 行.
SQL: SELECT b.name,color FROM fz_product_pattr AS a, fz_pattr AS b WHERE a.pattr_id = b.id AND a. product_id='62' [ RunTime:0.0005s ]
SQL: SELECT `ptype_name` FROM `fz_ptype` WHERE ( 1=1 AND id='26' ) LIMIT 1   [ RunTime:0.0000s ]
SQL: SELECT * FROM `fz_product_imgurl` WHERE ( 1=1 AND product_id='63' ) LIMIT 1   [ RunTime:0.0000s ]
NOTIC: [8] Undefined index: mapping_order D:\PHPServer\Apache24\htdocs\xinyi\ThinkPHP\Library\Think\Model\RelationModel.class.php 第 186 行.
NOTIC: [8] Undefined index: mapping_limit D:\PHPServer\Apache24\htdocs\xinyi\ThinkPHP\Library\Think\Model\RelationModel.class.php 第 187 行.
NOTIC: [8] Undefined index: relation_foreign_key D:\PHPServer\Apache24\htdocs\xinyi\ThinkPHP\Library\Think\Model\RelationModel.class.php 第 188 行.
SQL: SELECT b.name,color FROM fz_product_pattr AS a, fz_pattr AS b WHERE a.pattr_id = b.id AND a. product_id='63' [ RunTime:0.0000s ]
SQL: SELECT `ptype_name` FROM `fz_ptype` WHERE ( 1=1 AND id='26' ) LIMIT 1   [ RunTime:0.0000s ]
SQL: SELECT * FROM `fz_product_imgurl` WHERE ( 1=1 AND product_id='64' ) LIMIT 1   [ RunTime:0.0000s ]
NOTIC: [8] Undefined index: mapping_order D:\PHPServer\Apache24\htdocs\xinyi\ThinkPHP\Library\Think\Model\RelationModel.class.php 第 186 行.
NOTIC: [8] Undefined index: mapping_limit D:\PHPServer\Apache24\htdocs\xinyi\ThinkPHP\Library\Think\Model\RelationModel.class.php 第 187 行.
NOTIC: [8] Undefined index: relation_foreign_key D:\PHPServer\Apache24\htdocs\xinyi\ThinkPHP\Library\Think\Model\RelationModel.class.php 第 188 行.
SQL: SELECT b.name,color FROM fz_product_pattr AS a, fz_pattr AS b WHERE a.pattr_id = b.id AND a. product_id='64' [ RunTime:0.0000s ]
SQL: SELECT `ptype_name` FROM `fz_ptype` WHERE ( 1=1 AND id='27' ) LIMIT 1   [ RunTime:0.0000s ]
SQL: SHOW COLUMNS FROM `fz_shop` [ RunTime:0.0045s ]
SQL: SELECT * FROM `fz_shop` LIMIT 4,5   [ RunTime:0.0000s ]
SQL: SHOW COLUMNS FROM `fz_shop_imgurl` [ RunTime:0.0040s ]
SQL: SELECT * FROM `fz_shop_imgurl` WHERE ( 1=1 AND shop_id='26' ) LIMIT 1   [ RunTime:0.0000s ]
SQL: SHOW COLUMNS FROM `fz_shop_home` [ RunTime:0.0035s ]
SQL: SELECT `show` FROM `fz_shop_home` WHERE ( 1=1 AND shop_id='26' ) LIMIT 1   [ RunTime:0.0005s ]
SQL: SELECT * FROM `fz_shop_imgurl` WHERE ( 1=1 AND shop_id='27' ) LIMIT 1   [ RunTime:0.0000s ]
SQL: SELECT `show` FROM `fz_shop_home` WHERE ( 1=1 AND shop_id='27' ) LIMIT 1   [ RunTime:0.0000s ]
SQL: SELECT * FROM `fz_shop_imgurl` WHERE ( 1=1 AND shop_id='28' ) LIMIT 1   [ RunTime:0.0005s ]
SQL: SELECT `show` FROM `fz_shop_home` WHERE ( 1=1 AND shop_id='28' ) LIMIT 1   [ RunTime:0.0000s ]
SQL: SELECT * FROM `fz_shop_imgurl` WHERE ( 1=1 AND shop_id='29' ) LIMIT 1   [ RunTime:0.0005s ]
SQL: SELECT `show` FROM `fz_shop_home` WHERE ( 1=1 AND shop_id='29' ) LIMIT 1   [ RunTime:0.0000s ]
SQL: SELECT * FROM `fz_shop_imgurl` WHERE ( 1=1 AND shop_id='30' ) LIMIT 1   [ RunTime:0.0000s ]
SQL: SELECT `show` FROM `fz_shop_home` WHERE ( 1=1 AND shop_id='30' ) LIMIT 1   [ RunTime:0.0000s ]
INFO: [ view_parse ] --START--
INFO: [ template_filter ] --START--
INFO: Run Behavior\ContentReplaceBehavior [ RunTime:0.001500s ]
INFO: [ template_filter ] --END-- [ RunTime:0.001500s ]
INFO: Run Behavior\ParseTemplateBehavior [ RunTime:0.023503s ]
INFO: [ view_parse ] --END-- [ RunTime:0.024003s ]
INFO: [ view_filter ] --START--
INFO: Run Behavior\WriteHtmlCacheBehavior [ RunTime:0.001001s ]
INFO: [ view_filter ] --END-- [ RunTime:0.001001s ]
INFO: [ app_end ] --START--
INFO: Run Behavior\ShowPageTraceBehavior [ RunTime:0.000500s ]
INFO: [ app_end ] --END-- [ RunTime:0.000500s ]

[ 2016-06-13T21:12:37+08:00 ] 192.168.1.88 /xinyi/
INFO: [ app_init ] --START--
INFO: Run Behavior\BuildLiteBehavior [ RunTime:0.000000s ]
INFO: [ app_init ] --END-- [ RunTime:0.000500s ]
INFO: [ app_begin ] --START--
INFO: Run Behavior\ReadHtmlCacheBehavior [ RunTime:0.000500s ]
INFO: [ app_begin ] --END-- [ RunTime:0.000500s ]
SQL: SHOW COLUMNS FROM `fz_product` [ RunTime:0.0035s ]
SQL: SELECT * FROM `fz_product` LIMIT 0,10   [ RunTime:0.0000s ]
SQL: SHOW COLUMNS FROM `fz_product_imgurl` [ RunTime:0.0030s ]
SQL: SELECT * FROM `fz_product_imgurl` WHERE ( 1=1 AND product_id='57' ) LIMIT 1   [ RunTime:0.0005s ]
SQL: SHOW COLUMNS FROM `fz_pattr` [ RunTime:0.0030s ]
NOTIC: [8] Undefined index: mapping_order D:\PHPServer\Apache24\htdocs\xinyi\ThinkPHP\Library\Think\Model\RelationModel.class.php 第 186 行.
NOTIC: [8] Undefined index: mapping_limit D:\PHPServer\Apache24\htdocs\xinyi\ThinkPHP\Library\Think\Model\RelationModel.class.php 第 187 行.
NOTIC: [8] Undefined index: relation_foreign_key D:\PHPServer\Apache24\htdocs\xinyi\ThinkPHP\Library\Think\Model\RelationModel.class.php 第 188 行.
SQL: SELECT b.name,color FROM fz_product_pattr AS a, fz_pattr AS b WHERE a.pattr_id = b.id AND a. product_id='57' [ RunTime:0.0000s ]
SQL: SHOW COLUMNS FROM `fz_ptype` [ RunTime:0.0025s ]
SQL: SELECT `ptype_name` FROM `fz_ptype` WHERE ( 1=1 AND id='28' ) LIMIT 1   [ RunTime:0.0005s ]
SQL: SELECT * FROM `fz_product_imgurl` WHERE ( 1=1 AND product_id='58' ) LIMIT 1   [ RunTime:0.0000s ]
NOTIC: [8] Undefined index: mapping_order D:\PHPServer\Apache24\htdocs\xinyi\ThinkPHP\Library\Think\Model\RelationModel.class.php 第 186 行.
NOTIC: [8] Undefined index: mapping_limit D:\PHPServer\Apache24\htdocs\xinyi\ThinkPHP\Library\Think\Model\RelationModel.class.php 第 187 行.
NOTIC: [8] Undefined index: relation_foreign_key D:\PHPServer\Apache24\htdocs\xinyi\ThinkPHP\Library\Think\Model\RelationModel.class.php 第 188 行.
SQL: SELECT b.name,color FROM fz_product_pattr AS a, fz_pattr AS b WHERE a.pattr_id = b.id AND a. product_id='58' [ RunTime:0.0000s ]
SQL: SELECT `ptype_name` FROM `fz_ptype` WHERE ( 1=1 AND id='29' ) LIMIT 1   [ RunTime:0.0000s ]
SQL: SELECT * FROM `fz_product_imgurl` WHERE ( 1=1 AND product_id='59' ) LIMIT 1   [ RunTime:0.0005s ]
NOTIC: [8] Undefined index: mapping_order D:\PHPServer\Apache24\htdocs\xinyi\ThinkPHP\Library\Think\Model\RelationModel.class.php 第 186 行.
NOTIC: [8] Undefined index: mapping_limit D:\PHPServer\Apache24\htdocs\xinyi\ThinkPHP\Library\Think\Model\RelationModel.class.php 第 187 行.
NOTIC: [8] Undefined index: relation_foreign_key D:\PHPServer\Apache24\htdocs\xinyi\ThinkPHP\Library\Think\Model\RelationModel.class.php 第 188 行.
SQL: SELECT b.name,color FROM fz_product_pattr AS a, fz_pattr AS b WHERE a.pattr_id = b.id AND a. product_id='59' [ RunTime:0.0000s ]
SQL: SELECT `ptype_name` FROM `fz_ptype` WHERE ( 1=1 AND id='26' ) LIMIT 1   [ RunTime:0.0000s ]
SQL: SELECT * FROM `fz_product_imgurl` WHERE ( 1=1 AND product_id='60' ) LIMIT 1   [ RunTime:0.0000s ]
NOTIC: [8] Undefined index: mapping_order D:\PHPServer\Apache24\htdocs\xinyi\ThinkPHP\Library\Think\Model\RelationModel.class.php 第 186 行.
NOTIC: [8] Undefined index: mapping_limit D:\PHPServer\Apache24\htdocs\xinyi\ThinkPHP\Library\Think\Model\RelationModel.class.php 第 187 行.
NOTIC: [8] Undefined index: relation_foreign_key D:\PHPServer\Apache24\htdocs\xinyi\ThinkPHP\Library\Think\Model\RelationModel.class.php 第 188 行.
SQL: SELECT b.name,color FROM fz_product_pattr AS a, fz_pattr AS b WHERE a.pattr_id = b.id AND a. product_id='60' [ RunTime:0.0005s ]
SQL: SELECT `ptype_name` FROM `fz_ptype` WHERE ( 1=1 AND id='26' ) LIMIT 1   [ RunTime:0.0000s ]
SQL: SELECT * FROM `fz_product_imgurl` WHERE ( 1=1 AND product_id='61' ) LIMIT 1   [ RunTime:0.0005s ]
NOTIC: [8] Undefined index: mapping_order D:\PHPServer\Apache24\htdocs\xinyi\ThinkPHP\Library\Think\Model\RelationModel.class.php 第 186 行.
NOTIC: [8] Undefined index: mapping_limit D:\PHPServer\Apache24\htdocs\xinyi\ThinkPHP\Library\Think\Model\RelationModel.class.php 第 187 行.
NOTIC: [8] Undefined index: relation_foreign_key D:\PHPServer\Apache24\htdocs\xinyi\ThinkPHP\Library\Think\Model\RelationModel.class.php 第 188 行.
SQL: SELECT b.name,color FROM fz_product_pattr AS a, fz_pattr AS b WHERE a.pattr_id = b.id AND a. product_id='61' [ RunTime:0.0000s ]
SQL: SELECT `ptype_name` FROM `fz_ptype` WHERE ( 1=1 AND id='26' ) LIMIT 1   [ RunTime:0.0000s ]
SQL: SELECT * FROM `fz_product_imgurl` WHERE ( 1=1 AND product_id='62' ) LIMIT 1   [ RunTime:0.0000s ]
NOTIC: [8] Undefined index: mapping_order D:\PHPServer\Apache24\htdocs\xinyi\ThinkPHP\Library\Think\Model\RelationModel.class.php 第 186 行.
NOTIC: [8] Undefined index: mapping_limit D:\PHPServer\Apache24\htdocs\xinyi\ThinkPHP\Library\Think\Model\RelationModel.class.php 第 187 行.
NOTIC: [8] Undefined index: relation_foreign_key D:\PHPServer\Apache24\htdocs\xinyi\ThinkPHP\Library\Think\Model\RelationModel.class.php 第 188 行.
SQL: SELECT b.name,color FROM fz_product_pattr AS a, fz_pattr AS b WHERE a.pattr_id = b.id AND a. product_id='62' [ RunTime:0.0005s ]
SQL: SELECT `ptype_name` FROM `fz_ptype` WHERE ( 1=1 AND id='26' ) LIMIT 1   [ RunTime:0.0000s ]
SQL: SELECT * FROM `fz_product_imgurl` WHERE ( 1=1 AND product_id='63' ) LIMIT 1   [ RunTime:0.0000s ]
NOTIC: [8] Undefined index: mapping_order D:\PHPServer\Apache24\htdocs\xinyi\ThinkPHP\Library\Think\Model\RelationModel.class.php 第 186 行.
NOTIC: [8] Undefined index: mapping_limit D:\PHPServer\Apache24\htdocs\xinyi\ThinkPHP\Library\Think\Model\RelationModel.class.php 第 187 行.
NOTIC: [8] Undefined index: relation_foreign_key D:\PHPServer\Apache24\htdocs\xinyi\ThinkPHP\Library\Think\Model\RelationModel.class.php 第 188 行.
SQL: SELECT b.name,color FROM fz_product_pattr AS a, fz_pattr AS b WHERE a.pattr_id = b.id AND a. product_id='63' [ RunTime:0.0005s ]
SQL: SELECT `ptype_name` FROM `fz_ptype` WHERE ( 1=1 AND id='26' ) LIMIT 1   [ RunTime:0.0000s ]
SQL: SELECT * FROM `fz_product_imgurl` WHERE ( 1=1 AND product_id='64' ) LIMIT 1   [ RunTime:0.0000s ]
NOTIC: [8] Undefined index: mapping_order D:\PHPServer\Apache24\htdocs\xinyi\ThinkPHP\Library\Think\Model\RelationModel.class.php 第 186 行.
NOTIC: [8] Undefined index: mapping_limit D:\PHPServer\Apache24\htdocs\xinyi\ThinkPHP\Library\Think\Model\RelationModel.class.php 第 187 行.
NOTIC: [8] Undefined index: relation_foreign_key D:\PHPServer\Apache24\htdocs\xinyi\ThinkPHP\Library\Think\Model\RelationModel.class.php 第 188 行.
SQL: SELECT b.name,color FROM fz_product_pattr AS a, fz_pattr AS b WHERE a.pattr_id = b.id AND a. product_id='64' [ RunTime:0.0005s ]
SQL: SELECT `ptype_name` FROM `fz_ptype` WHERE ( 1=1 AND id='27' ) LIMIT 1   [ RunTime:0.0000s ]
SQL: SHOW COLUMNS FROM `fz_shop` [ RunTime:0.0030s ]
SQL: SELECT * FROM `fz_shop` LIMIT 4,5   [ RunTime:0.0000s ]
SQL: SHOW COLUMNS FROM `fz_shop_imgurl` [ RunTime:0.0030s ]
SQL: SELECT * FROM `fz_shop_imgurl` WHERE ( 1=1 AND shop_id='26' ) LIMIT 1   [ RunTime:0.0000s ]
SQL: SHOW COLUMNS FROM `fz_shop_home` [ RunTime:0.0025s ]
SQL: SELECT `show` FROM `fz_shop_home` WHERE ( 1=1 AND shop_id='26' ) LIMIT 1   [ RunTime:0.0000s ]
SQL: SELECT * FROM `fz_shop_imgurl` WHERE ( 1=1 AND shop_id='27' ) LIMIT 1   [ RunTime:0.0000s ]
SQL: SELECT `show` FROM `fz_shop_home` WHERE ( 1=1 AND shop_id='27' ) LIMIT 1   [ RunTime:0.0000s ]
SQL: SELECT * FROM `fz_shop_imgurl` WHERE ( 1=1 AND shop_id='28' ) LIMIT 1   [ RunTime:0.0000s ]
SQL: SELECT `show` FROM `fz_shop_home` WHERE ( 1=1 AND shop_id='28' ) LIMIT 1   [ RunTime:0.0000s ]
SQL: SELECT * FROM `fz_shop_imgurl` WHERE ( 1=1 AND shop_id='29' ) LIMIT 1   [ RunTime:0.0000s ]
SQL: SELECT `show` FROM `fz_shop_home` WHERE ( 1=1 AND shop_id='29' ) LIMIT 1   [ RunTime:0.0000s ]
SQL: SELECT * FROM `fz_shop_imgurl` WHERE ( 1=1 AND shop_id='30' ) LIMIT 1   [ RunTime:0.0000s ]
SQL: SELECT `show` FROM `fz_shop_home` WHERE ( 1=1 AND shop_id='30' ) LIMIT 1   [ RunTime:0.0000s ]
INFO: [ view_parse ] --START--
INFO: [ template_filter ] --START--
INFO: Run Behavior\ContentReplaceBehavior [ RunTime:0.000500s ]
INFO: [ template_filter ] --END-- [ RunTime:0.000500s ]
INFO: Run Behavior\ParseTemplateBehavior [ RunTime:0.016002s ]
INFO: [ view_parse ] --END-- [ RunTime:0.016002s ]
INFO: [ view_filter ] --START--
INFO: Run Behavior\WriteHtmlCacheBehavior [ RunTime:0.000000s ]
INFO: [ view_filter ] --END-- [ RunTime:0.000000s ]
INFO: [ app_end ] --START--
INFO: Run Behavior\ShowPageTraceBehavior [ RunTime:0.000500s ]
INFO: [ app_end ] --END-- [ RunTime:0.000500s ]

[ 2016-06-13T22:04:42+08:00 ] 192.168.1.88 /xinyi/
INFO: [ app_init ] --START--
INFO: Run Behavior\BuildLiteBehavior [ RunTime:0.000000s ]
INFO: [ app_init ] --END-- [ RunTime:0.000500s ]
INFO: [ app_begin ] --START--
INFO: Run Behavior\ReadHtmlCacheBehavior [ RunTime:0.007501s ]
INFO: [ app_begin ] --END-- [ RunTime:0.007501s ]
INFO: [ app_end ] --START--
INFO: Run Behavior\ShowPageTraceBehavior [ RunTime:0.001500s ]
INFO: [ app_end ] --END-- [ RunTime:0.001500s ]

[ 2016-06-13T22:56:50+08:00 ] 192.168.1.88 /xinyi/
INFO: [ app_init ] --START--
INFO: Run Behavior\BuildLiteBehavior [ RunTime:0.000000s ]
INFO: [ app_init ] --END-- [ RunTime:0.000500s ]
INFO: [ app_begin ] --START--
INFO: Run Behavior\ReadHtmlCacheBehavior [ RunTime:0.000500s ]
INFO: [ app_begin ] --END-- [ RunTime:0.000500s ]
INFO: [ app_end ] --START--
INFO: Run Behavior\ShowPageTraceBehavior [ RunTime:0.001000s ]
INFO: [ app_end ] --END-- [ RunTime:0.001000s ]

[ 2016-06-13T23:16:03+08:00 ] 192.168.1.88 /xinyi/
INFO: [ app_init ] --START--
INFO: Run Behavior\BuildLiteBehavior [ RunTime:0.000000s ]
INFO: [ app_init ] --END-- [ RunTime:0.000500s ]
INFO: [ app_begin ] --START--
INFO: Run Behavior\ReadHtmlCacheBehavior [ RunTime:0.001000s ]
INFO: [ app_begin ] --END-- [ RunTime:0.001000s ]
INFO: [ app_end ] --START--
INFO: Run Behavior\ShowPageTraceBehavior [ RunTime:0.001000s ]
INFO: [ app_end ] --END-- [ RunTime:0.001000s ]

[ 2016-06-13T23:16:15+08:00 ] 192.168.1.88 /xinyi/Home/Index
INFO: [ app_init ] --START--
INFO: Run Behavior\BuildLiteBehavior [ RunTime:0.000000s ]
INFO: [ app_init ] --END-- [ RunTime:0.000500s ]
INFO: [ app_begin ] --START--
INFO: Run Behavior\ReadHtmlCacheBehavior [ RunTime:0.001000s ]
INFO: [ app_begin ] --END-- [ RunTime:0.001000s ]
INFO: [ app_end ] --START--
INFO: Run Behavior\ShowPageTraceBehavior [ RunTime:0.001000s ]
INFO: [ app_end ] --END-- [ RunTime:0.001000s ]

[ 2016-06-13T23:16:19+08:00 ] 192.168.1.88 /xinyi/Home/Index/Item
INFO: [ app_init ] --START--
INFO: Run Behavior\BuildLiteBehavior [ RunTime:0.000500s ]
INFO: [ app_init ] --END-- [ RunTime:0.001000s ]
INFO: [ app_begin ] --START--
INFO: Run Behavior\ReadHtmlCacheBehavior [ RunTime:0.000500s ]
INFO: [ app_begin ] --END-- [ RunTime:0.001000s ]
INFO: [ app_end ] --START--
INFO: Run Behavior\ShowPageTraceBehavior [ RunTime:0.001000s ]
INFO: [ app_end ] --END-- [ RunTime:0.001000s ]

