[ 2017-05-09T19:28:51+08:00 ] 192.168.1.88 /xinyi/Admin
INFO: [ app_init ] --START--
INFO: Run Behavior\BuildLiteBehavior [ RunTime:0.000000s ]
INFO: [ app_init ] --END-- [ RunTime:0.001000s ]
INFO: [ app_begin ] --START--
INFO: Run Behavior\ReadHtmlCacheBehavior [ RunTime:0.001000s ]
INFO: [ app_begin ] --END-- [ RunTime:0.001000s ]
NOTIC: [8] Undefined index: shopname D:\PHPServer\Apache24\htdocs\xinyi\Apps\Admin\Controller\AuthController.class.php 第 13 行.
NOTIC: [8] Undefined index: uid D:\PHPServer\Apache24\htdocs\xinyi\Apps\Admin\Controller\AuthController.class.php 第 33 行.
SQL: SHOW COLUMNS FROM `fz_role_user` [ RunTime:0.0050s ]
SQL: SELECT * FROM `fz_role_user` WHERE `user_id` = null LIMIT 1   [ RunTime:0.0000s ]
SQL: SHOW COLUMNS FROM `fz_role` [ RunTime:0.0050s ]
SQL: SELECT `id` FROM `fz_role` WHERE `id` = null LIMIT 1   [ RunTime:0.0000s ]
NOTIC: [2] Invalid argument supplied for foreach() D:\PHPServer\Apache24\htdocs\xinyi\Apps\Admin\Common\function.php 第 25 行.
NOTIC: [8] Undefined index: superman D:\PHPServer\Apache24\htdocs\xinyi\Apps\Admin\Controller\AuthController.class.php 第 39 行.
INFO: [ view_parse ] --START--
INFO: [ template_filter ] --START--
INFO: Run Behavior\ContentReplaceBehavior [ RunTime:0.000000s ]
INFO: [ template_filter ] --END-- [ RunTime:0.000000s ]
INFO: Run Behavior\ParseTemplateBehavior [ RunTime:0.012001s ]
INFO: [ view_parse ] --END-- [ RunTime:0.012001s ]
INFO: [ view_filter ] --START--
INFO: Run Behavior\WriteHtmlCacheBehavior [ RunTime:0.001000s ]
INFO: [ view_filter ] --END-- [ RunTime:0.001000s ]
INFO: [ app_end ] --START--
INFO: Run Behavior\ShowPageTraceBehavior [ RunTime:0.001000s ]
INFO: [ app_end ] --END-- [ RunTime:0.001000s ]

[ 2017-05-09T19:28:53+08:00 ] 192.168.1.88 /xinyi/Admin/Login/logout
INFO: [ app_init ] --START--
INFO: Run Behavior\BuildLiteBehavior [ RunTime:0.000000s ]
INFO: [ app_init ] --END-- [ RunTime:0.001000s ]
INFO: [ app_begin ] --START--
INFO: Run Behavior\ReadHtmlCacheBehavior [ RunTime:0.002001s ]
INFO: [ app_begin ] --END-- [ RunTime:0.002001s ]

[ 2017-05-09T19:28:53+08:00 ] 192.168.1.88 /xinyi/Admin/Login
INFO: [ app_init ] --START--
INFO: Run Behavior\BuildLiteBehavior [ RunTime:0.000000s ]
INFO: [ app_init ] --END-- [ RunTime:0.001000s ]
INFO: [ app_begin ] --START--
INFO: Run Behavior\ReadHtmlCacheBehavior [ RunTime:0.001000s ]
INFO: [ app_begin ] --END-- [ RunTime:0.001000s ]
INFO: [ view_parse ] --START--
INFO: [ template_filter ] --START--
INFO: Run Behavior\ContentReplaceBehavior [ RunTime:0.000000s ]
INFO: [ template_filter ] --END-- [ RunTime:0.000000s ]
INFO: Run Behavior\ParseTemplateBehavior [ RunTime:0.006000s ]
INFO: [ view_parse ] --END-- [ RunTime:0.006000s ]
INFO: [ view_filter ] --START--
INFO: Run Behavior\WriteHtmlCacheBehavior [ RunTime:0.001000s ]
INFO: [ view_filter ] --END-- [ RunTime:0.001000s ]
INFO: [ app_end ] --START--
INFO: Run Behavior\ShowPageTraceBehavior [ RunTime:0.001000s ]
INFO: [ app_end ] --END-- [ RunTime:0.001000s ]

[ 2017-05-09T19:29:01+08:00 ] 192.168.1.88 /xinyi/Admin/Ajax/log
INFO: [ app_init ] --START--
INFO: Run Behavior\BuildLiteBehavior [ RunTime:0.000000s ]
INFO: [ app_init ] --END-- [ RunTime:0.000000s ]
INFO: [ app_begin ] --START--
INFO: Run Behavior\ReadHtmlCacheBehavior [ RunTime:0.000000s ]
INFO: [ app_begin ] --END-- [ RunTime:0.000000s ]
SQL: SHOW COLUMNS FROM `fz_shop` [ RunTime:0.0100s ]
SQL: SELECT * FROM `fz_shop` WHERE `shopname` = 'flyzebra' LIMIT 1   [ RunTime:0.0000s ]
INFO: [ app_end ] --START--
INFO: Run Behavior\ShowPageTraceBehavior [ RunTime:0.000000s ]
INFO: [ app_end ] --END-- [ RunTime:0.000000s ]

[ 2017-05-09T19:29:01+08:00 ] 192.168.1.88 /xinyi/Admin/Login/login
INFO: [ app_init ] --START--
INFO: Run Behavior\BuildLiteBehavior [ RunTime:0.000000s ]
INFO: [ app_init ] --END-- [ RunTime:0.001000s ]
INFO: [ app_begin ] --START--
INFO: Run Behavior\ReadHtmlCacheBehavior [ RunTime:0.001000s ]
INFO: [ app_begin ] --END-- [ RunTime:0.001000s ]
SQL: SHOW COLUMNS FROM `fz_shop` [ RunTime:0.0030s ]
SQL: SELECT * FROM `fz_shop` WHERE `shopname` = 'flyzebra' AND `loginword` = '10e208ffd957f5488f795e555f483af8' LIMIT 1   [ RunTime:0.0010s ]
SQL: SHOW COLUMNS FROM `fz_shop_log` [ RunTime:0.0040s ]
SQL: INSERT INTO `fz_shop_log` (`shop_id`,`logintime`,`loginIP`) VALUES ('18','1494329341','192.168.1.88') [ RunTime:0.0030s ]

[ 2017-05-09T19:29:01+08:00 ] 192.168.1.88 /xinyi/Admin
INFO: [ app_init ] --START--
INFO: Run Behavior\BuildLiteBehavior [ RunTime:0.000000s ]
INFO: [ app_init ] --END-- [ RunTime:0.000000s ]
INFO: [ app_begin ] --START--
INFO: Run Behavior\ReadHtmlCacheBehavior [ RunTime:0.001000s ]
INFO: [ app_begin ] --END-- [ RunTime:0.001000s ]
SQL: SHOW COLUMNS FROM `fz_role_user` [ RunTime:0.0020s ]
SQL: SELECT * FROM `fz_role_user` WHERE `user_id` = '18' LIMIT 1   [ RunTime:0.0000s ]
SQL: SHOW COLUMNS FROM `fz_role` [ RunTime:0.0030s ]
SQL: SELECT `id` FROM `fz_role` WHERE `id` = 20 LIMIT 1   [ RunTime:0.0000s ]
SQL: SHOW COLUMNS FROM `fz_node` [ RunTime:0.0080s ]
NOTIC: [8] Undefined index: mapping_order D:\PHPServer\Apache24\htdocs\xinyi\ThinkPHP\Library\Think\Model\RelationModel.class.php 第 186 行.
NOTIC: [8] Undefined index: mapping_limit D:\PHPServer\Apache24\htdocs\xinyi\ThinkPHP\Library\Think\Model\RelationModel.class.php 第 187 行.
NOTIC: [8] Undefined index: relation_foreign_key D:\PHPServer\Apache24\htdocs\xinyi\ThinkPHP\Library\Think\Model\RelationModel.class.php 第 188 行.
SQL: SELECT b.id,name,pid FROM fz_access AS a, fz_node AS b WHERE a.node_id = b.id AND a. role_id='20' [ RunTime:0.0040s ]
INFO: [ view_parse ] --START--
INFO: [ template_filter ] --START--
INFO: Run Behavior\ContentReplaceBehavior [ RunTime:0.000000s ]
INFO: [ template_filter ] --END-- [ RunTime:0.000000s ]
INFO: Run Behavior\ParseTemplateBehavior [ RunTime:0.008000s ]
INFO: [ view_parse ] --END-- [ RunTime:0.008000s ]
INFO: [ view_filter ] --START--
INFO: Run Behavior\WriteHtmlCacheBehavior [ RunTime:0.001000s ]
INFO: [ view_filter ] --END-- [ RunTime:0.001000s ]
INFO: [ app_end ] --START--
INFO: Run Behavior\ShowPageTraceBehavior [ RunTime:0.001000s ]
INFO: [ app_end ] --END-- [ RunTime:0.001000s ]

[ 2017-05-09T19:29:03+08:00 ] 192.168.1.88 /xinyi/Admin/Role
INFO: [ app_init ] --START--
INFO: Run Behavior\BuildLiteBehavior [ RunTime:0.000000s ]
INFO: [ app_init ] --END-- [ RunTime:0.001000s ]
INFO: [ app_begin ] --START--
INFO: Run Behavior\ReadHtmlCacheBehavior [ RunTime:0.001000s ]
INFO: [ app_begin ] --END-- [ RunTime:0.001000s ]
SQL: SHOW COLUMNS FROM `fz_role_user` [ RunTime:0.0030s ]
SQL: SELECT * FROM `fz_role_user` WHERE `user_id` = '18' LIMIT 1   [ RunTime:0.0000s ]
SQL: SHOW COLUMNS FROM `fz_role` [ RunTime:0.0030s ]
SQL: SELECT `id` FROM `fz_role` WHERE `id` = 20 LIMIT 1   [ RunTime:0.0000s ]
SQL: SHOW COLUMNS FROM `fz_node` [ RunTime:0.0020s ]
NOTIC: [8] Undefined index: mapping_order D:\PHPServer\Apache24\htdocs\xinyi\ThinkPHP\Library\Think\Model\RelationModel.class.php 第 186 行.
NOTIC: [8] Undefined index: mapping_limit D:\PHPServer\Apache24\htdocs\xinyi\ThinkPHP\Library\Think\Model\RelationModel.class.php 第 187 行.
NOTIC: [8] Undefined index: relation_foreign_key D:\PHPServer\Apache24\htdocs\xinyi\ThinkPHP\Library\Think\Model\RelationModel.class.php 第 188 行.
SQL: SELECT b.id,name,pid FROM fz_access AS a, fz_node AS b WHERE a.node_id = b.id AND a. role_id='20' [ RunTime:0.0000s ]
INFO: [ view_parse ] --START--
INFO: [ template_filter ] --START--
INFO: Run Behavior\ContentReplaceBehavior [ RunTime:0.000000s ]
INFO: [ template_filter ] --END-- [ RunTime:0.000000s ]
INFO: Run Behavior\ParseTemplateBehavior [ RunTime:0.008000s ]
INFO: [ view_parse ] --END-- [ RunTime:0.008000s ]
INFO: [ view_filter ] --START--
INFO: Run Behavior\WriteHtmlCacheBehavior [ RunTime:0.001000s ]
INFO: [ view_filter ] --END-- [ RunTime:0.001000s ]
SQL: SHOW COLUMNS FROM `fz_role` [ RunTime:0.0030s ]
SQL: SELECT * FROM `fz_role`  [ RunTime:0.0000s ]
INFO: [ view_parse ] --START--
INFO: [ template_filter ] --START--
INFO: Run Behavior\ContentReplaceBehavior [ RunTime:0.000000s ]
INFO: [ template_filter ] --END-- [ RunTime:-0.009000s ]
INFO: Run Behavior\ParseTemplateBehavior [ RunTime:0.004001s ]
INFO: [ view_parse ] --END-- [ RunTime:-0.005000s ]
INFO: [ view_filter ] --START--
INFO: Run Behavior\WriteHtmlCacheBehavior [ RunTime:0.000000s ]
INFO: [ view_filter ] --END-- [ RunTime:-0.008001s ]
INFO: [ app_end ] --START--
INFO: Run Behavior\ShowPageTraceBehavior [ RunTime:0.001000s ]
INFO: [ app_end ] --END-- [ RunTime:0.001000s ]

[ 2017-05-09T19:29:04+08:00 ] 192.168.1.88 /xinyi/Admin/Node
INFO: [ app_init ] --START--
INFO: Run Behavior\BuildLiteBehavior [ RunTime:0.000000s ]
INFO: [ app_init ] --END-- [ RunTime:0.001000s ]
INFO: [ app_begin ] --START--
INFO: Run Behavior\ReadHtmlCacheBehavior [ RunTime:0.002000s ]
INFO: [ app_begin ] --END-- [ RunTime:0.002000s ]
SQL: SHOW COLUMNS FROM `fz_role_user` [ RunTime:0.0020s ]
SQL: SELECT * FROM `fz_role_user` WHERE `user_id` = '18' LIMIT 1   [ RunTime:0.0000s ]
SQL: SHOW COLUMNS FROM `fz_role` [ RunTime:0.0020s ]
SQL: SELECT `id` FROM `fz_role` WHERE `id` = 20 LIMIT 1   [ RunTime:0.0000s ]
SQL: SHOW COLUMNS FROM `fz_node` [ RunTime:0.0020s ]
NOTIC: [8] Undefined index: mapping_order D:\PHPServer\Apache24\htdocs\xinyi\ThinkPHP\Library\Think\Model\RelationModel.class.php 第 186 行.
NOTIC: [8] Undefined index: mapping_limit D:\PHPServer\Apache24\htdocs\xinyi\ThinkPHP\Library\Think\Model\RelationModel.class.php 第 187 行.
NOTIC: [8] Undefined index: relation_foreign_key D:\PHPServer\Apache24\htdocs\xinyi\ThinkPHP\Library\Think\Model\RelationModel.class.php 第 188 行.
SQL: SELECT b.id,name,pid FROM fz_access AS a, fz_node AS b WHERE a.node_id = b.id AND a. role_id='20' [ RunTime:0.0000s ]
INFO: [ view_parse ] --START--
INFO: [ template_filter ] --START--
INFO: Run Behavior\ContentReplaceBehavior [ RunTime:0.000000s ]
INFO: [ template_filter ] --END-- [ RunTime:0.000000s ]
INFO: Run Behavior\ParseTemplateBehavior [ RunTime:0.008000s ]
INFO: [ view_parse ] --END-- [ RunTime:0.008000s ]
INFO: [ view_filter ] --START--
INFO: Run Behavior\WriteHtmlCacheBehavior [ RunTime:0.001001s ]
INFO: [ view_filter ] --END-- [ RunTime:0.001001s ]
SQL: SHOW COLUMNS FROM `fz_node` [ RunTime:0.0020s ]
SQL: SELECT * FROM `fz_node`  [ RunTime:0.0000s ]
INFO: [ view_parse ] --START--
INFO: [ template_filter ] --START--
INFO: Run Behavior\ContentReplaceBehavior [ RunTime:0.000000s ]
INFO: [ template_filter ] --END-- [ RunTime:-0.011001s ]
INFO: Run Behavior\ParseTemplateBehavior [ RunTime:0.006000s ]
INFO: [ view_parse ] --END-- [ RunTime:-0.005001s ]
INFO: [ view_filter ] --START--
INFO: Run Behavior\WriteHtmlCacheBehavior [ RunTime:0.000000s ]
INFO: [ view_filter ] --END-- [ RunTime:-0.010000s ]
INFO: [ app_end ] --START--
INFO: Run Behavior\ShowPageTraceBehavior [ RunTime:0.001000s ]
INFO: [ app_end ] --END-- [ RunTime:0.001000s ]

[ 2017-05-09T19:29:05+08:00 ] 192.168.1.88 /xinyi/Admin/Access
INFO: [ app_init ] --START--
INFO: Run Behavior\BuildLiteBehavior [ RunTime:0.000000s ]
INFO: [ app_init ] --END-- [ RunTime:0.001000s ]
INFO: [ app_begin ] --START--
INFO: Run Behavior\ReadHtmlCacheBehavior [ RunTime:0.002000s ]
INFO: [ app_begin ] --END-- [ RunTime:0.002000s ]
SQL: SHOW COLUMNS FROM `fz_role_user` [ RunTime:0.0030s ]
SQL: SELECT * FROM `fz_role_user` WHERE `user_id` = '18' LIMIT 1   [ RunTime:0.0000s ]
SQL: SHOW COLUMNS FROM `fz_role` [ RunTime:0.0030s ]
SQL: SELECT `id` FROM `fz_role` WHERE `id` = 20 LIMIT 1   [ RunTime:0.0010s ]
SQL: SHOW COLUMNS FROM `fz_node` [ RunTime:0.0030s ]
NOTIC: [8] Undefined index: mapping_order D:\PHPServer\Apache24\htdocs\xinyi\ThinkPHP\Library\Think\Model\RelationModel.class.php 第 186 行.
NOTIC: [8] Undefined index: mapping_limit D:\PHPServer\Apache24\htdocs\xinyi\ThinkPHP\Library\Think\Model\RelationModel.class.php 第 187 行.
NOTIC: [8] Undefined index: relation_foreign_key D:\PHPServer\Apache24\htdocs\xinyi\ThinkPHP\Library\Think\Model\RelationModel.class.php 第 188 行.
SQL: SELECT b.id,name,pid FROM fz_access AS a, fz_node AS b WHERE a.node_id = b.id AND a. role_id='20' [ RunTime:0.0000s ]
INFO: [ view_parse ] --START--
INFO: [ template_filter ] --START--
INFO: Run Behavior\ContentReplaceBehavior [ RunTime:0.000000s ]
INFO: [ template_filter ] --END-- [ RunTime:0.001000s ]
INFO: Run Behavior\ParseTemplateBehavior [ RunTime:0.008001s ]
INFO: [ view_parse ] --END-- [ RunTime:0.008001s ]
INFO: [ view_filter ] --START--
INFO: Run Behavior\WriteHtmlCacheBehavior [ RunTime:0.002000s ]
INFO: [ view_filter ] --END-- [ RunTime:0.002000s ]
SQL: SHOW COLUMNS FROM `fz_access` [ RunTime:0.0030s ]
SQL: SELECT `node_id` FROM `fz_access` WHERE `role_id` = 0  [ RunTime:0.0010s ]
SQL: SHOW COLUMNS FROM `fz_node` [ RunTime:0.0030s ]
SQL: SELECT * FROM `fz_node`  [ RunTime:0.0000s ]
SQL: SHOW COLUMNS FROM `fz_role` [ RunTime:0.0030s ]
SQL: SELECT * FROM `fz_role`  [ RunTime:0.0000s ]
SQL: SELECT * FROM `fz_access`  [ RunTime:0.0010s ]
INFO: [ view_parse ] --START--
INFO: [ template_filter ] --START--
INFO: Run Behavior\ContentReplaceBehavior [ RunTime:0.000000s ]
INFO: [ template_filter ] --END-- [ RunTime:-0.019001s ]
NOTIC: [8] Undefined index: access D:\PHPServer\Apache24\htdocs\xinyi\Runtime\Cache\Admin\ff90e9603868abd64cf17bfaf5ea9be9.php 第 36 行.
NOTIC: [8] Undefined index: access D:\PHPServer\Apache24\htdocs\xinyi\Runtime\Cache\Admin\ff90e9603868abd64cf17bfaf5ea9be9.php 第 43 行.
NOTIC: [8] Undefined index: access D:\PHPServer\Apache24\htdocs\xinyi\Runtime\Cache\Admin\ff90e9603868abd64cf17bfaf5ea9be9.php 第 49 行.
NOTIC: [8] Undefined index: access D:\PHPServer\Apache24\htdocs\xinyi\Runtime\Cache\Admin\ff90e9603868abd64cf17bfaf5ea9be9.php 第 43 行.
NOTIC: [8] Undefined index: access D:\PHPServer\Apache24\htdocs\xinyi\Runtime\Cache\Admin\ff90e9603868abd64cf17bfaf5ea9be9.php 第 49 行.
NOTIC: [8] Undefined index: access D:\PHPServer\Apache24\htdocs\xinyi\Runtime\Cache\Admin\ff90e9603868abd64cf17bfaf5ea9be9.php 第 49 行.
NOTIC: [8] Undefined index: access D:\PHPServer\Apache24\htdocs\xinyi\Runtime\Cache\Admin\ff90e9603868abd64cf17bfaf5ea9be9.php 第 49 行.
NOTIC: [8] Undefined index: access D:\PHPServer\Apache24\htdocs\xinyi\Runtime\Cache\Admin\ff90e9603868abd64cf17bfaf5ea9be9.php 第 49 行.
NOTIC: [8] Undefined index: access D:\PHPServer\Apache24\htdocs\xinyi\Runtime\Cache\Admin\ff90e9603868abd64cf17bfaf5ea9be9.php 第 43 行.
NOTIC: [8] Undefined index: access D:\PHPServer\Apache24\htdocs\xinyi\Runtime\Cache\Admin\ff90e9603868abd64cf17bfaf5ea9be9.php 第 49 行.
NOTIC: [8] Undefined index: access D:\PHPServer\Apache24\htdocs\xinyi\Runtime\Cache\Admin\ff90e9603868abd64cf17bfaf5ea9be9.php 第 49 行.
NOTIC: [8] Undefined index: access D:\PHPServer\Apache24\htdocs\xinyi\Runtime\Cache\Admin\ff90e9603868abd64cf17bfaf5ea9be9.php 第 49 行.
NOTIC: [8] Undefined index: access D:\PHPServer\Apache24\htdocs\xinyi\Runtime\Cache\Admin\ff90e9603868abd64cf17bfaf5ea9be9.php 第 49 行.
NOTIC: [8] Undefined index: access D:\PHPServer\Apache24\htdocs\xinyi\Runtime\Cache\Admin\ff90e9603868abd64cf17bfaf5ea9be9.php 第 43 行.
NOTIC: [8] Undefined index: access D:\PHPServer\Apache24\htdocs\xinyi\Runtime\Cache\Admin\ff90e9603868abd64cf17bfaf5ea9be9.php 第 49 行.
NOTIC: [8] Undefined index: access D:\PHPServer\Apache24\htdocs\xinyi\Runtime\Cache\Admin\ff90e9603868abd64cf17bfaf5ea9be9.php 第 49 行.
NOTIC: [8] Undefined index: access D:\PHPServer\Apache24\htdocs\xinyi\Runtime\Cache\Admin\ff90e9603868abd64cf17bfaf5ea9be9.php 第 43 行.
NOTIC: [8] Undefined index: access D:\PHPServer\Apache24\htdocs\xinyi\Runtime\Cache\Admin\ff90e9603868abd64cf17bfaf5ea9be9.php 第 49 行.
NOTIC: [8] Undefined index: access D:\PHPServer\Apache24\htdocs\xinyi\Runtime\Cache\Admin\ff90e9603868abd64cf17bfaf5ea9be9.php 第 49 行.
NOTIC: [8] Undefined index: access D:\PHPServer\Apache24\htdocs\xinyi\Runtime\Cache\Admin\ff90e9603868abd64cf17bfaf5ea9be9.php 第 43 行.
NOTIC: [8] Undefined index: access D:\PHPServer\Apache24\htdocs\xinyi\Runtime\Cache\Admin\ff90e9603868abd64cf17bfaf5ea9be9.php 第 49 行.
NOTIC: [8] Undefined index: access D:\PHPServer\Apache24\htdocs\xinyi\Runtime\Cache\Admin\ff90e9603868abd64cf17bfaf5ea9be9.php 第 49 行.
NOTIC: [8] Undefined index: access D:\PHPServer\Apache24\htdocs\xinyi\Runtime\Cache\Admin\ff90e9603868abd64cf17bfaf5ea9be9.php 第 49 行.
NOTIC: [8] Undefined index: access D:\PHPServer\Apache24\htdocs\xinyi\Runtime\Cache\Admin\ff90e9603868abd64cf17bfaf5ea9be9.php 第 43 行.
NOTIC: [8] Undefined index: access D:\PHPServer\Apache24\htdocs\xinyi\Runtime\Cache\Admin\ff90e9603868abd64cf17bfaf5ea9be9.php 第 49 行.
NOTIC: [8] Undefined index: access D:\PHPServer\Apache24\htdocs\xinyi\Runtime\Cache\Admin\ff90e9603868abd64cf17bfaf5ea9be9.php 第 49 行.
NOTIC: [8] Undefined index: access D:\PHPServer\Apache24\htdocs\xinyi\Runtime\Cache\Admin\ff90e9603868abd64cf17bfaf5ea9be9.php 第 49 行.
NOTIC: [8] Undefined index: access D:\PHPServer\Apache24\htdocs\xinyi\Runtime\Cache\Admin\ff90e9603868abd64cf17bfaf5ea9be9.php 第 43 行.
NOTIC: [8] Undefined index: access D:\PHPServer\Apache24\htdocs\xinyi\Runtime\Cache\Admin\ff90e9603868abd64cf17bfaf5ea9be9.php 第 49 行.
NOTIC: [8] Undefined index: access D:\PHPServer\Apache24\htdocs\xinyi\Runtime\Cache\Admin\ff90e9603868abd64cf17bfaf5ea9be9.php 第 49 行.
NOTIC: [8] Undefined index: access D:\PHPServer\Apache24\htdocs\xinyi\Runtime\Cache\Admin\ff90e9603868abd64cf17bfaf5ea9be9.php 第 49 行.
NOTIC: [8] Undefined index: access D:\PHPServer\Apache24\htdocs\xinyi\Runtime\Cache\Admin\ff90e9603868abd64cf17bfaf5ea9be9.php 第 36 行.
INFO: Run Behavior\ParseTemplateBehavior [ RunTime:0.006000s ]
INFO: [ view_parse ] --END-- [ RunTime:-0.015001s ]
INFO: [ view_filter ] --START--
INFO: Run Behavior\WriteHtmlCacheBehavior [ RunTime:0.000000s ]
INFO: [ view_filter ] --END-- [ RunTime:-0.019001s ]
INFO: [ app_end ] --START--
INFO: Run Behavior\ShowPageTraceBehavior [ RunTime:0.001000s ]
INFO: [ app_end ] --END-- [ RunTime:0.001000s ]

[ 2017-05-09T19:29:05+08:00 ] 192.168.1.88 /xinyi/Admin/Verify
INFO: [ app_init ] --START--
INFO: Run Behavior\BuildLiteBehavior [ RunTime:0.000000s ]
INFO: [ app_init ] --END-- [ RunTime:0.001000s ]
INFO: [ app_begin ] --START--
INFO: Run Behavior\ReadHtmlCacheBehavior [ RunTime:0.002000s ]
INFO: [ app_begin ] --END-- [ RunTime:0.002000s ]
SQL: SHOW COLUMNS FROM `fz_role_user` [ RunTime:0.0050s ]
SQL: SELECT * FROM `fz_role_user` WHERE `user_id` = '18' LIMIT 1   [ RunTime:0.0010s ]
SQL: SHOW COLUMNS FROM `fz_role` [ RunTime:0.0040s ]
SQL: SELECT `id` FROM `fz_role` WHERE `id` = 20 LIMIT 1   [ RunTime:0.0000s ]
SQL: SHOW COLUMNS FROM `fz_node` [ RunTime:0.0050s ]
NOTIC: [8] Undefined index: mapping_order D:\PHPServer\Apache24\htdocs\xinyi\ThinkPHP\Library\Think\Model\RelationModel.class.php 第 186 行.
NOTIC: [8] Undefined index: mapping_limit D:\PHPServer\Apache24\htdocs\xinyi\ThinkPHP\Library\Think\Model\RelationModel.class.php 第 187 行.
NOTIC: [8] Undefined index: relation_foreign_key D:\PHPServer\Apache24\htdocs\xinyi\ThinkPHP\Library\Think\Model\RelationModel.class.php 第 188 行.
SQL: SELECT b.id,name,pid FROM fz_access AS a, fz_node AS b WHERE a.node_id = b.id AND a. role_id='20' [ RunTime:0.0000s ]
INFO: [ view_parse ] --START--
INFO: [ template_filter ] --START--
INFO: Run Behavior\ContentReplaceBehavior [ RunTime:0.000000s ]
INFO: [ template_filter ] --END-- [ RunTime:0.000000s ]
INFO: Run Behavior\ParseTemplateBehavior [ RunTime:0.013000s ]
INFO: [ view_parse ] --END-- [ RunTime:0.013000s ]
INFO: [ view_filter ] --START--
INFO: Run Behavior\WriteHtmlCacheBehavior [ RunTime:0.002001s ]
INFO: [ view_filter ] --END-- [ RunTime:0.002001s ]
SQL: SHOW COLUMNS FROM `fz_shop` [ RunTime:0.0050s ]
SQL: SELECT `id`,`shopname`,`peoplename`,`peoplephone`,`shopphone`,`address`,`regtime`,`regIP`,`countshop`,`countmoney`,`level`,`token`,`describe`,`lock`,`type` FROM `fz_shop`  [ RunTime:0.0000s ]
SQL: SHOW COLUMNS FROM `fz_role` [ RunTime:0.0030s ]
NOTIC: [8] Undefined index: mapping_order D:\PHPServer\Apache24\htdocs\xinyi\ThinkPHP\Library\Think\Model\RelationModel.class.php 第 186 行.
NOTIC: [8] Undefined index: mapping_limit D:\PHPServer\Apache24\htdocs\xinyi\ThinkPHP\Library\Think\Model\RelationModel.class.php 第 187 行.
NOTIC: [8] Undefined index: relation_foreign_key D:\PHPServer\Apache24\htdocs\xinyi\ThinkPHP\Library\Think\Model\RelationModel.class.php 第 188 行.
SQL: SELECT b.id,remark FROM fz_role_user AS a, fz_role AS b WHERE a.role_id = b.id AND a. user_id='18' [ RunTime:0.0000s ]
NOTIC: [8] Undefined index: mapping_order D:\PHPServer\Apache24\htdocs\xinyi\ThinkPHP\Library\Think\Model\RelationModel.class.php 第 186 行.
NOTIC: [8] Undefined index: mapping_limit D:\PHPServer\Apache24\htdocs\xinyi\ThinkPHP\Library\Think\Model\RelationModel.class.php 第 187 行.
NOTIC: [8] Undefined index: relation_foreign_key D:\PHPServer\Apache24\htdocs\xinyi\ThinkPHP\Library\Think\Model\RelationModel.class.php 第 188 行.
SQL: SELECT b.id,remark FROM fz_role_user AS a, fz_role AS b WHERE a.role_id = b.id AND a. user_id='19' [ RunTime:0.0010s ]
NOTIC: [8] Undefined index: mapping_order D:\PHPServer\Apache24\htdocs\xinyi\ThinkPHP\Library\Think\Model\RelationModel.class.php 第 186 行.
NOTIC: [8] Undefined index: mapping_limit D:\PHPServer\Apache24\htdocs\xinyi\ThinkPHP\Library\Think\Model\RelationModel.class.php 第 187 行.
NOTIC: [8] Undefined index: relation_foreign_key D:\PHPServer\Apache24\htdocs\xinyi\ThinkPHP\Library\Think\Model\RelationModel.class.php 第 188 行.
SQL: SELECT b.id,remark FROM fz_role_user AS a, fz_role AS b WHERE a.role_id = b.id AND a. user_id='20' [ RunTime:0.0000s ]
NOTIC: [8] Undefined index: mapping_order D:\PHPServer\Apache24\htdocs\xinyi\ThinkPHP\Library\Think\Model\RelationModel.class.php 第 186 行.
NOTIC: [8] Undefined index: mapping_limit D:\PHPServer\Apache24\htdocs\xinyi\ThinkPHP\Library\Think\Model\RelationModel.class.php 第 187 行.
NOTIC: [8] Undefined index: relation_foreign_key D:\PHPServer\Apache24\htdocs\xinyi\ThinkPHP\Library\Think\Model\RelationModel.class.php 第 188 行.
SQL: SELECT b.id,remark FROM fz_role_user AS a, fz_role AS b WHERE a.role_id = b.id AND a. user_id='21' [ RunTime:0.0000s ]
NOTIC: [8] Undefined index: mapping_order D:\PHPServer\Apache24\htdocs\xinyi\ThinkPHP\Library\Think\Model\RelationModel.class.php 第 186 行.
NOTIC: [8] Undefined index: mapping_limit D:\PHPServer\Apache24\htdocs\xinyi\ThinkPHP\Library\Think\Model\RelationModel.class.php 第 187 行.
NOTIC: [8] Undefined index: relation_foreign_key D:\PHPServer\Apache24\htdocs\xinyi\ThinkPHP\Library\Think\Model\RelationModel.class.php 第 188 行.
SQL: SELECT b.id,remark FROM fz_role_user AS a, fz_role AS b WHERE a.role_id = b.id AND a. user_id='26' [ RunTime:0.0010s ]
NOTIC: [8] Undefined index: mapping_order D:\PHPServer\Apache24\htdocs\xinyi\ThinkPHP\Library\Think\Model\RelationModel.class.php 第 186 行.
NOTIC: [8] Undefined index: mapping_limit D:\PHPServer\Apache24\htdocs\xinyi\ThinkPHP\Library\Think\Model\RelationModel.class.php 第 187 行.
NOTIC: [8] Undefined index: relation_foreign_key D:\PHPServer\Apache24\htdocs\xinyi\ThinkPHP\Library\Think\Model\RelationModel.class.php 第 188 行.
SQL: SELECT b.id,remark FROM fz_role_user AS a, fz_role AS b WHERE a.role_id = b.id AND a. user_id='27' [ RunTime:0.0000s ]
NOTIC: [8] Undefined index: mapping_order D:\PHPServer\Apache24\htdocs\xinyi\ThinkPHP\Library\Think\Model\RelationModel.class.php 第 186 行.
NOTIC: [8] Undefined index: mapping_limit D:\PHPServer\Apache24\htdocs\xinyi\ThinkPHP\Library\Think\Model\RelationModel.class.php 第 187 行.
NOTIC: [8] Undefined index: relation_foreign_key D:\PHPServer\Apache24\htdocs\xinyi\ThinkPHP\Library\Think\Model\RelationModel.class.php 第 188 行.
SQL: SELECT b.id,remark FROM fz_role_user AS a, fz_role AS b WHERE a.role_id = b.id AND a. user_id='28' [ RunTime:0.0010s ]
NOTIC: [8] Undefined index: mapping_order D:\PHPServer\Apache24\htdocs\xinyi\ThinkPHP\Library\Think\Model\RelationModel.class.php 第 186 行.
NOTIC: [8] Undefined index: mapping_limit D:\PHPServer\Apache24\htdocs\xinyi\ThinkPHP\Library\Think\Model\RelationModel.class.php 第 187 行.
NOTIC: [8] Undefined index: relation_foreign_key D:\PHPServer\Apache24\htdocs\xinyi\ThinkPHP\Library\Think\Model\RelationModel.class.php 第 188 行.
SQL: SELECT b.id,remark FROM fz_role_user AS a, fz_role AS b WHERE a.role_id = b.id AND a. user_id='29' [ RunTime:0.0000s ]
NOTIC: [8] Undefined index: mapping_order D:\PHPServer\Apache24\htdocs\xinyi\ThinkPHP\Library\Think\Model\RelationModel.class.php 第 186 行.
NOTIC: [8] Undefined index: mapping_limit D:\PHPServer\Apache24\htdocs\xinyi\ThinkPHP\Library\Think\Model\RelationModel.class.php 第 187 行.
NOTIC: [8] Undefined index: relation_foreign_key D:\PHPServer\Apache24\htdocs\xinyi\ThinkPHP\Library\Think\Model\RelationModel.class.php 第 188 行.
SQL: SELECT b.id,remark FROM fz_role_user AS a, fz_role AS b WHERE a.role_id = b.id AND a. user_id='30' [ RunTime:0.0000s ]
SQL: SHOW COLUMNS FROM `fz_role` [ RunTime:0.0030s ]
SQL: SELECT * FROM `fz_role`  [ RunTime:0.0010s ]
INFO: [ view_parse ] --START--
INFO: [ template_filter ] --START--
INFO: Run Behavior\ContentReplaceBehavior [ RunTime:0.000000s ]
INFO: [ template_filter ] --END-- [ RunTime:-0.027002s ]
INFO: Run Behavior\ParseTemplateBehavior [ RunTime:0.004000s ]
INFO: [ view_parse ] --END-- [ RunTime:-0.021002s ]
INFO: [ view_filter ] --START--
INFO: Run Behavior\WriteHtmlCacheBehavior [ RunTime:0.000000s ]
INFO: [ view_filter ] --END-- [ RunTime:-0.023001s ]
INFO: [ app_end ] --START--
INFO: Run Behavior\ShowPageTraceBehavior [ RunTime:0.001000s ]
INFO: [ app_end ] --END-- [ RunTime:0.001000s ]

[ 2017-05-09T19:29:06+08:00 ] 192.168.1.88 /xinyi/Admin/Welcome
INFO: [ app_init ] --START--
INFO: Run Behavior\BuildLiteBehavior [ RunTime:0.000000s ]
INFO: [ app_init ] --END-- [ RunTime:0.001000s ]
INFO: [ app_begin ] --START--
INFO: Run Behavior\ReadHtmlCacheBehavior [ RunTime:0.002000s ]
INFO: [ app_begin ] --END-- [ RunTime:0.002000s ]
SQL: SHOW COLUMNS FROM `fz_role_user` [ RunTime:0.0030s ]
SQL: SELECT * FROM `fz_role_user` WHERE `user_id` = '18' LIMIT 1   [ RunTime:0.0000s ]
SQL: SHOW COLUMNS FROM `fz_role` [ RunTime:0.0040s ]
SQL: SELECT `id` FROM `fz_role` WHERE `id` = 20 LIMIT 1   [ RunTime:0.0000s ]
SQL: SHOW COLUMNS FROM `fz_node` [ RunTime:0.0040s ]
NOTIC: [8] Undefined index: mapping_order D:\PHPServer\Apache24\htdocs\xinyi\ThinkPHP\Library\Think\Model\RelationModel.class.php 第 186 行.
NOTIC: [8] Undefined index: mapping_limit D:\PHPServer\Apache24\htdocs\xinyi\ThinkPHP\Library\Think\Model\RelationModel.class.php 第 187 行.
NOTIC: [8] Undefined index: relation_foreign_key D:\PHPServer\Apache24\htdocs\xinyi\ThinkPHP\Library\Think\Model\RelationModel.class.php 第 188 行.
SQL: SELECT b.id,name,pid FROM fz_access AS a, fz_node AS b WHERE a.node_id = b.id AND a. role_id='20' [ RunTime:0.0000s ]
INFO: [ view_parse ] --START--
INFO: [ template_filter ] --START--
INFO: Run Behavior\ContentReplaceBehavior [ RunTime:0.000000s ]
INFO: [ template_filter ] --END-- [ RunTime:0.000000s ]
INFO: Run Behavior\ParseTemplateBehavior [ RunTime:0.009000s ]
INFO: [ view_parse ] --END-- [ RunTime:0.009000s ]
INFO: [ view_filter ] --START--
INFO: Run Behavior\WriteHtmlCacheBehavior [ RunTime:0.001000s ]
INFO: [ view_filter ] --END-- [ RunTime:0.001000s ]
SQL: SHOW COLUMNS FROM `fz_welcome` [ RunTime:0.0050s ]
SQL: SELECT * FROM `fz_welcome`  [ RunTime:0.0010s ]
INFO: [ view_parse ] --START--
INFO: [ template_filter ] --START--
INFO: Run Behavior\ContentReplaceBehavior [ RunTime:0.000000s ]
INFO: [ template_filter ] --END-- [ RunTime:-0.012001s ]
INFO: Run Behavior\ParseTemplateBehavior [ RunTime:0.005000s ]
INFO: [ view_parse ] --END-- [ RunTime:-0.008001s ]
INFO: [ view_filter ] --START--
INFO: Run Behavior\WriteHtmlCacheBehavior [ RunTime:0.000000s ]
INFO: [ view_filter ] --END-- [ RunTime:-0.012001s ]
INFO: [ app_end ] --START--
INFO: Run Behavior\ShowPageTraceBehavior [ RunTime:0.001000s ]
INFO: [ app_end ] --END-- [ RunTime:0.001000s ]

[ 2017-05-09T19:29:12+08:00 ] 192.168.1.88 /xinyi/Admin/HomeShop
INFO: [ app_init ] --START--
INFO: Run Behavior\BuildLiteBehavior [ RunTime:0.000000s ]
INFO: [ app_init ] --END-- [ RunTime:0.000000s ]
INFO: [ app_begin ] --START--
INFO: Run Behavior\ReadHtmlCacheBehavior [ RunTime:0.001000s ]
INFO: [ app_begin ] --END-- [ RunTime:0.001000s ]
SQL: SHOW COLUMNS FROM `fz_role_user` [ RunTime:0.0030s ]
SQL: SELECT * FROM `fz_role_user` WHERE `user_id` = '18' LIMIT 1   [ RunTime:0.0000s ]
SQL: SHOW COLUMNS FROM `fz_role` [ RunTime:0.0030s ]
SQL: SELECT `id` FROM `fz_role` WHERE `id` = 20 LIMIT 1   [ RunTime:0.0000s ]
SQL: SHOW COLUMNS FROM `fz_node` [ RunTime:0.0030s ]
NOTIC: [8] Undefined index: mapping_order D:\PHPServer\Apache24\htdocs\xinyi\ThinkPHP\Library\Think\Model\RelationModel.class.php 第 186 行.
NOTIC: [8] Undefined index: mapping_limit D:\PHPServer\Apache24\htdocs\xinyi\ThinkPHP\Library\Think\Model\RelationModel.class.php 第 187 行.
NOTIC: [8] Undefined index: relation_foreign_key D:\PHPServer\Apache24\htdocs\xinyi\ThinkPHP\Library\Think\Model\RelationModel.class.php 第 188 行.
SQL: SELECT b.id,name,pid FROM fz_access AS a, fz_node AS b WHERE a.node_id = b.id AND a. role_id='20' [ RunTime:0.0010s ]
INFO: [ view_parse ] --START--
INFO: [ template_filter ] --START--
INFO: Run Behavior\ContentReplaceBehavior [ RunTime:0.000000s ]
INFO: [ template_filter ] --END-- [ RunTime:0.000000s ]
INFO: Run Behavior\ParseTemplateBehavior [ RunTime:0.008000s ]
INFO: [ view_parse ] --END-- [ RunTime:0.008000s ]
INFO: [ view_filter ] --START--
INFO: Run Behavior\WriteHtmlCacheBehavior [ RunTime:0.001000s ]
INFO: [ view_filter ] --END-- [ RunTime:0.001000s ]
SQL: SHOW COLUMNS FROM `fz_shop` [ RunTime:0.0030s ]
SQL: SELECT `id`,`shopname`,`peoplename`,`peoplephone`,`shopphone`,`address`,`regtime` FROM `fz_shop` WHERE `type` = 1  [ RunTime:0.0000s ]
SQL: SHOW COLUMNS FROM `fz_shop_home` [ RunTime:0.0040s ]
SQL: SELECT `show` FROM `fz_shop_home` WHERE ( 1=1 AND shop_id='26' ) LIMIT 1   [ RunTime:0.0000s ]
SQL: SELECT `show` FROM `fz_shop_home` WHERE ( 1=1 AND shop_id='27' ) LIMIT 1   [ RunTime:0.0010s ]
SQL: SELECT `show` FROM `fz_shop_home` WHERE ( 1=1 AND shop_id='28' ) LIMIT 1   [ RunTime:0.0000s ]
SQL: SELECT `show` FROM `fz_shop_home` WHERE ( 1=1 AND shop_id='29' ) LIMIT 1   [ RunTime:0.0000s ]
SQL: SELECT `show` FROM `fz_shop_home` WHERE ( 1=1 AND shop_id='30' ) LIMIT 1   [ RunTime:0.0010s ]
INFO: [ view_parse ] --START--
INFO: [ template_filter ] --START--
INFO: Run Behavior\ContentReplaceBehavior [ RunTime:0.000000s ]
INFO: [ template_filter ] --END-- [ RunTime:-0.019001s ]
INFO: Run Behavior\ParseTemplateBehavior [ RunTime:0.005000s ]
INFO: [ view_parse ] --END-- [ RunTime:-0.014001s ]
INFO: [ view_filter ] --START--
INFO: Run Behavior\WriteHtmlCacheBehavior [ RunTime:0.000000s ]
INFO: [ view_filter ] --END-- [ RunTime:-0.018001s ]
INFO: [ app_end ] --START--
INFO: Run Behavior\ShowPageTraceBehavior [ RunTime:0.001000s ]
INFO: [ app_end ] --END-- [ RunTime:0.001000s ]

[ 2017-05-09T19:29:14+08:00 ] 192.168.1.88 /xinyi/Admin/Product/find
INFO: [ app_init ] --START--
INFO: Run Behavior\BuildLiteBehavior [ RunTime:0.000000s ]
INFO: [ app_init ] --END-- [ RunTime:0.001000s ]
INFO: [ app_begin ] --START--
INFO: Run Behavior\ReadHtmlCacheBehavior [ RunTime:0.001000s ]
INFO: [ app_begin ] --END-- [ RunTime:0.001000s ]
SQL: SHOW COLUMNS FROM `fz_role_user` [ RunTime:0.0030s ]
SQL: SELECT * FROM `fz_role_user` WHERE `user_id` = '18' LIMIT 1   [ RunTime:0.0010s ]
SQL: SHOW COLUMNS FROM `fz_role` [ RunTime:0.0030s ]
SQL: SELECT `id` FROM `fz_role` WHERE `id` = 20 LIMIT 1   [ RunTime:0.0000s ]
SQL: SHOW COLUMNS FROM `fz_node` [ RunTime:0.0030s ]
NOTIC: [8] Undefined index: mapping_order D:\PHPServer\Apache24\htdocs\xinyi\ThinkPHP\Library\Think\Model\RelationModel.class.php 第 186 行.
NOTIC: [8] Undefined index: mapping_limit D:\PHPServer\Apache24\htdocs\xinyi\ThinkPHP\Library\Think\Model\RelationModel.class.php 第 187 行.
NOTIC: [8] Undefined index: relation_foreign_key D:\PHPServer\Apache24\htdocs\xinyi\ThinkPHP\Library\Think\Model\RelationModel.class.php 第 188 行.
SQL: SELECT b.id,name,pid FROM fz_access AS a, fz_node AS b WHERE a.node_id = b.id AND a. role_id='20' [ RunTime:0.0010s ]
INFO: [ view_parse ] --START--
INFO: [ template_filter ] --START--
INFO: Run Behavior\ContentReplaceBehavior [ RunTime:0.000000s ]
INFO: [ template_filter ] --END-- [ RunTime:0.000000s ]
INFO: Run Behavior\ParseTemplateBehavior [ RunTime:0.007000s ]
INFO: [ view_parse ] --END-- [ RunTime:0.007000s ]
INFO: [ view_filter ] --START--
INFO: Run Behavior\WriteHtmlCacheBehavior [ RunTime:0.001000s ]
INFO: [ view_filter ] --END-- [ RunTime:0.001000s ]
INFO: [ view_parse ] --START--
INFO: [ template_filter ] --START--
INFO: Run Behavior\ContentReplaceBehavior [ RunTime:0.000000s ]
INFO: [ template_filter ] --END-- [ RunTime:-0.004000s ]
INFO: Run Behavior\ParseTemplateBehavior [ RunTime:0.002000s ]
INFO: [ view_parse ] --END-- [ RunTime:-0.002000s ]
INFO: [ view_filter ] --START--
INFO: Run Behavior\WriteHtmlCacheBehavior [ RunTime:0.000000s ]
INFO: [ view_filter ] --END-- [ RunTime:-0.003000s ]
INFO: [ app_end ] --START--
INFO: Run Behavior\ShowPageTraceBehavior [ RunTime:0.001000s ]
INFO: [ app_end ] --END-- [ RunTime:0.001000s ]

[ 2017-05-09T19:29:15+08:00 ] 192.168.1.88 /xinyi/Admin/HomeShop
INFO: [ app_init ] --START--
INFO: Run Behavior\BuildLiteBehavior [ RunTime:0.000000s ]
INFO: [ app_init ] --END-- [ RunTime:0.001000s ]
INFO: [ app_begin ] --START--
INFO: Run Behavior\ReadHtmlCacheBehavior [ RunTime:0.001000s ]
INFO: [ app_begin ] --END-- [ RunTime:0.001000s ]
SQL: SHOW COLUMNS FROM `fz_role_user` [ RunTime:0.0030s ]
SQL: SELECT * FROM `fz_role_user` WHERE `user_id` = '18' LIMIT 1   [ RunTime:0.0000s ]
SQL: SHOW COLUMNS FROM `fz_role` [ RunTime:0.0030s ]
SQL: SELECT `id` FROM `fz_role` WHERE `id` = 20 LIMIT 1   [ RunTime:0.0000s ]
SQL: SHOW COLUMNS FROM `fz_node` [ RunTime:0.0020s ]
NOTIC: [8] Undefined index: mapping_order D:\PHPServer\Apache24\htdocs\xinyi\ThinkPHP\Library\Think\Model\RelationModel.class.php 第 186 行.
NOTIC: [8] Undefined index: mapping_limit D:\PHPServer\Apache24\htdocs\xinyi\ThinkPHP\Library\Think\Model\RelationModel.class.php 第 187 行.
NOTIC: [8] Undefined index: relation_foreign_key D:\PHPServer\Apache24\htdocs\xinyi\ThinkPHP\Library\Think\Model\RelationModel.class.php 第 188 行.
SQL: SELECT b.id,name,pid FROM fz_access AS a, fz_node AS b WHERE a.node_id = b.id AND a. role_id='20' [ RunTime:0.0000s ]
INFO: [ view_parse ] --START--
INFO: [ template_filter ] --START--
INFO: Run Behavior\ContentReplaceBehavior [ RunTime:0.000000s ]
INFO: [ template_filter ] --END-- [ RunTime:0.000000s ]
INFO: Run Behavior\ParseTemplateBehavior [ RunTime:0.007001s ]
INFO: [ view_parse ] --END-- [ RunTime:0.007001s ]
INFO: [ view_filter ] --START--
INFO: Run Behavior\WriteHtmlCacheBehavior [ RunTime:0.001000s ]
INFO: [ view_filter ] --END-- [ RunTime:0.001000s ]
SQL: SHOW COLUMNS FROM `fz_shop` [ RunTime:0.0030s ]
SQL: SELECT `id`,`shopname`,`peoplename`,`peoplephone`,`shopphone`,`address`,`regtime` FROM `fz_shop` WHERE `type` = 1  [ RunTime:0.0000s ]
SQL: SHOW COLUMNS FROM `fz_shop_home` [ RunTime:0.0030s ]
SQL: SELECT `show` FROM `fz_shop_home` WHERE ( 1=1 AND shop_id='26' ) LIMIT 1   [ RunTime:0.0000s ]
SQL: SELECT `show` FROM `fz_shop_home` WHERE ( 1=1 AND shop_id='27' ) LIMIT 1   [ RunTime:0.0000s ]
SQL: SELECT `show` FROM `fz_shop_home` WHERE ( 1=1 AND shop_id='28' ) LIMIT 1   [ RunTime:0.0010s ]
SQL: SELECT `show` FROM `fz_shop_home` WHERE ( 1=1 AND shop_id='29' ) LIMIT 1   [ RunTime:0.0000s ]
SQL: SELECT `show` FROM `fz_shop_home` WHERE ( 1=1 AND shop_id='30' ) LIMIT 1   [ RunTime:0.0000s ]
INFO: [ view_parse ] --START--
INFO: [ template_filter ] --START--
INFO: Run Behavior\ContentReplaceBehavior [ RunTime:0.000000s ]
INFO: [ template_filter ] --END-- [ RunTime:-0.014001s ]
INFO: Run Behavior\ParseTemplateBehavior [ RunTime:0.004000s ]
INFO: [ view_parse ] --END-- [ RunTime:-0.010000s ]
INFO: [ view_filter ] --START--
INFO: Run Behavior\WriteHtmlCacheBehavior [ RunTime:0.000000s ]
INFO: [ view_filter ] --END-- [ RunTime:-0.013000s ]
INFO: [ app_end ] --START--
INFO: Run Behavior\ShowPageTraceBehavior [ RunTime:0.001000s ]
INFO: [ app_end ] --END-- [ RunTime:0.001000s ]

[ 2017-05-09T19:29:19+08:00 ] 192.168.1.88 /xinyi/Admin/Welcome
INFO: [ app_init ] --START--
INFO: Run Behavior\BuildLiteBehavior [ RunTime:0.000000s ]
INFO: [ app_init ] --END-- [ RunTime:0.001000s ]
INFO: [ app_begin ] --START--
INFO: Run Behavior\ReadHtmlCacheBehavior [ RunTime:0.003000s ]
INFO: [ app_begin ] --END-- [ RunTime:0.003000s ]
SQL: SHOW COLUMNS FROM `fz_role_user` [ RunTime:0.0040s ]
SQL: SELECT * FROM `fz_role_user` WHERE `user_id` = '18' LIMIT 1   [ RunTime:0.0000s ]
SQL: SHOW COLUMNS FROM `fz_role` [ RunTime:0.0040s ]
SQL: SELECT `id` FROM `fz_role` WHERE `id` = 20 LIMIT 1   [ RunTime:0.0000s ]
SQL: SHOW COLUMNS FROM `fz_node` [ RunTime:0.0040s ]
NOTIC: [8] Undefined index: mapping_order D:\PHPServer\Apache24\htdocs\xinyi\ThinkPHP\Library\Think\Model\RelationModel.class.php 第 186 行.
NOTIC: [8] Undefined index: mapping_limit D:\PHPServer\Apache24\htdocs\xinyi\ThinkPHP\Library\Think\Model\RelationModel.class.php 第 187 行.
NOTIC: [8] Undefined index: relation_foreign_key D:\PHPServer\Apache24\htdocs\xinyi\ThinkPHP\Library\Think\Model\RelationModel.class.php 第 188 行.
SQL: SELECT b.id,name,pid FROM fz_access AS a, fz_node AS b WHERE a.node_id = b.id AND a. role_id='20' [ RunTime:0.0010s ]
INFO: [ view_parse ] --START--
INFO: [ template_filter ] --START--
INFO: Run Behavior\ContentReplaceBehavior [ RunTime:0.000000s ]
INFO: [ template_filter ] --END-- [ RunTime:0.000000s ]
INFO: Run Behavior\ParseTemplateBehavior [ RunTime:0.013001s ]
INFO: [ view_parse ] --END-- [ RunTime:0.013001s ]
INFO: [ view_filter ] --START--
INFO: Run Behavior\WriteHtmlCacheBehavior [ RunTime:0.001000s ]
INFO: [ view_filter ] --END-- [ RunTime:0.001000s ]
SQL: SHOW COLUMNS FROM `fz_welcome` [ RunTime:0.0030s ]
SQL: SELECT * FROM `fz_welcome`  [ RunTime:0.0010s ]
INFO: [ view_parse ] --START--
INFO: [ template_filter ] --START--
INFO: Run Behavior\ContentReplaceBehavior [ RunTime:0.000000s ]
INFO: [ template_filter ] --END-- [ RunTime:-0.009001s ]
INFO: Run Behavior\ParseTemplateBehavior [ RunTime:0.002001s ]
INFO: [ view_parse ] --END-- [ RunTime:-0.005000s ]
INFO: [ view_filter ] --START--
INFO: Run Behavior\WriteHtmlCacheBehavior [ RunTime:0.001000s ]
INFO: [ view_filter ] --END-- [ RunTime:-0.006001s ]
INFO: [ app_end ] --START--
INFO: Run Behavior\ShowPageTraceBehavior [ RunTime:0.001000s ]
INFO: [ app_end ] --END-- [ RunTime:0.001000s ]

[ 2017-05-09T19:29:20+08:00 ] 192.168.1.88 /xinyi/Admin/HomeShop
INFO: [ app_init ] --START--
INFO: Run Behavior\BuildLiteBehavior [ RunTime:0.000000s ]
INFO: [ app_init ] --END-- [ RunTime:0.001000s ]
INFO: [ app_begin ] --START--
INFO: Run Behavior\ReadHtmlCacheBehavior [ RunTime:0.002000s ]
INFO: [ app_begin ] --END-- [ RunTime:0.002000s ]
SQL: SHOW COLUMNS FROM `fz_role_user` [ RunTime:0.0040s ]
SQL: SELECT * FROM `fz_role_user` WHERE `user_id` = '18' LIMIT 1   [ RunTime:0.0000s ]
SQL: SHOW COLUMNS FROM `fz_role` [ RunTime:0.0030s ]
SQL: SELECT `id` FROM `fz_role` WHERE `id` = 20 LIMIT 1   [ RunTime:0.0000s ]
SQL: SHOW COLUMNS FROM `fz_node` [ RunTime:0.0030s ]
NOTIC: [8] Undefined index: mapping_order D:\PHPServer\Apache24\htdocs\xinyi\ThinkPHP\Library\Think\Model\RelationModel.class.php 第 186 行.
NOTIC: [8] Undefined index: mapping_limit D:\PHPServer\Apache24\htdocs\xinyi\ThinkPHP\Library\Think\Model\RelationModel.class.php 第 187 行.
NOTIC: [8] Undefined index: relation_foreign_key D:\PHPServer\Apache24\htdocs\xinyi\ThinkPHP\Library\Think\Model\RelationModel.class.php 第 188 行.
SQL: SELECT b.id,name,pid FROM fz_access AS a, fz_node AS b WHERE a.node_id = b.id AND a. role_id='20' [ RunTime:0.0000s ]
INFO: [ view_parse ] --START--
INFO: [ template_filter ] --START--
INFO: Run Behavior\ContentReplaceBehavior [ RunTime:0.000000s ]
INFO: [ template_filter ] --END-- [ RunTime:0.000000s ]
INFO: Run Behavior\ParseTemplateBehavior [ RunTime:0.008001s ]
INFO: [ view_parse ] --END-- [ RunTime:0.008001s ]
INFO: [ view_filter ] --START--
INFO: Run Behavior\WriteHtmlCacheBehavior [ RunTime:0.002000s ]
INFO: [ view_filter ] --END-- [ RunTime:0.002000s ]
SQL: SHOW COLUMNS FROM `fz_shop` [ RunTime:0.0030s ]
SQL: SELECT `id`,`shopname`,`peoplename`,`peoplephone`,`shopphone`,`address`,`regtime` FROM `fz_shop` WHERE `type` = 1  [ RunTime:0.0000s ]
SQL: SHOW COLUMNS FROM `fz_shop_home` [ RunTime:0.0020s ]
SQL: SELECT `show` FROM `fz_shop_home` WHERE ( 1=1 AND shop_id='26' ) LIMIT 1   [ RunTime:0.0000s ]
SQL: SELECT `show` FROM `fz_shop_home` WHERE ( 1=1 AND shop_id='27' ) LIMIT 1   [ RunTime:0.0000s ]
SQL: SELECT `show` FROM `fz_shop_home` WHERE ( 1=1 AND shop_id='28' ) LIMIT 1   [ RunTime:0.0000s ]
SQL: SELECT `show` FROM `fz_shop_home` WHERE ( 1=1 AND shop_id='29' ) LIMIT 1   [ RunTime:0.0000s ]
SQL: SELECT `show` FROM `fz_shop_home` WHERE ( 1=1 AND shop_id='30' ) LIMIT 1   [ RunTime:0.0000s ]
INFO: [ view_parse ] --START--
INFO: [ template_filter ] --START--
INFO: Run Behavior\ContentReplaceBehavior [ RunTime:0.001000s ]
INFO: [ template_filter ] --END-- [ RunTime:-0.016001s ]
INFO: Run Behavior\ParseTemplateBehavior [ RunTime:0.004000s ]
INFO: [ view_parse ] --END-- [ RunTime:-0.012001s ]
INFO: [ view_filter ] --START--
INFO: Run Behavior\WriteHtmlCacheBehavior [ RunTime:0.000000s ]
INFO: [ view_filter ] --END-- [ RunTime:-0.014001s ]
INFO: [ app_end ] --START--
INFO: Run Behavior\ShowPageTraceBehavior [ RunTime:0.002000s ]
INFO: [ app_end ] --END-- [ RunTime:0.002000s ]

[ 2017-05-09T19:29:20+08:00 ] 192.168.1.88 /xinyi/Admin/Attr
INFO: [ app_init ] --START--
INFO: Run Behavior\BuildLiteBehavior [ RunTime:0.000000s ]
INFO: [ app_init ] --END-- [ RunTime:0.001000s ]
INFO: [ app_begin ] --START--
INFO: Run Behavior\ReadHtmlCacheBehavior [ RunTime:0.002000s ]
INFO: [ app_begin ] --END-- [ RunTime:0.002000s ]
SQL: SHOW COLUMNS FROM `fz_role_user` [ RunTime:0.0030s ]
SQL: SELECT * FROM `fz_role_user` WHERE `user_id` = '18' LIMIT 1   [ RunTime:0.0000s ]
SQL: SHOW COLUMNS FROM `fz_role` [ RunTime:0.0030s ]
SQL: SELECT `id` FROM `fz_role` WHERE `id` = 20 LIMIT 1   [ RunTime:0.0000s ]
SQL: SHOW COLUMNS FROM `fz_node` [ RunTime:0.0030s ]
NOTIC: [8] Undefined index: mapping_order D:\PHPServer\Apache24\htdocs\xinyi\ThinkPHP\Library\Think\Model\RelationModel.class.php 第 186 行.
NOTIC: [8] Undefined index: mapping_limit D:\PHPServer\Apache24\htdocs\xinyi\ThinkPHP\Library\Think\Model\RelationModel.class.php 第 187 行.
NOTIC: [8] Undefined index: relation_foreign_key D:\PHPServer\Apache24\htdocs\xinyi\ThinkPHP\Library\Think\Model\RelationModel.class.php 第 188 行.
SQL: SELECT b.id,name,pid FROM fz_access AS a, fz_node AS b WHERE a.node_id = b.id AND a. role_id='20' [ RunTime:0.0000s ]
INFO: [ view_parse ] --START--
INFO: [ template_filter ] --START--
INFO: Run Behavior\ContentReplaceBehavior [ RunTime:0.000000s ]
INFO: [ template_filter ] --END-- [ RunTime:0.000000s ]
INFO: Run Behavior\ParseTemplateBehavior [ RunTime:0.007001s ]
INFO: [ view_parse ] --END-- [ RunTime:0.007001s ]
INFO: [ view_filter ] --START--
INFO: Run Behavior\WriteHtmlCacheBehavior [ RunTime:0.001000s ]
INFO: [ view_filter ] --END-- [ RunTime:0.001000s ]
SQL: SHOW COLUMNS FROM `fz_pattr` [ RunTime:0.0040s ]
SQL: SELECT * FROM `fz_pattr`  [ RunTime:0.0000s ]
INFO: [ view_parse ] --START--
INFO: [ template_filter ] --START--
INFO: Run Behavior\ContentReplaceBehavior [ RunTime:0.000000s ]
INFO: [ template_filter ] --END-- [ RunTime:-0.009000s ]
INFO: Run Behavior\ParseTemplateBehavior [ RunTime:0.003000s ]
INFO: [ view_parse ] --END-- [ RunTime:-0.007000s ]
INFO: [ view_filter ] --START--
INFO: Run Behavior\WriteHtmlCacheBehavior [ RunTime:0.000000s ]
INFO: [ view_filter ] --END-- [ RunTime:-0.009000s ]
INFO: [ app_end ] --START--
INFO: Run Behavior\ShowPageTraceBehavior [ RunTime:0.001000s ]
INFO: [ app_end ] --END-- [ RunTime:0.001000s ]

[ 2017-05-09T19:29:21+08:00 ] 192.168.1.88 /xinyi/Admin/Type
INFO: [ app_init ] --START--
INFO: Run Behavior\BuildLiteBehavior [ RunTime:0.000000s ]
INFO: [ app_init ] --END-- [ RunTime:0.001000s ]
INFO: [ app_begin ] --START--
INFO: Run Behavior\ReadHtmlCacheBehavior [ RunTime:0.002000s ]
INFO: [ app_begin ] --END-- [ RunTime:0.002000s ]
SQL: SHOW COLUMNS FROM `fz_role_user` [ RunTime:0.0030s ]
SQL: SELECT * FROM `fz_role_user` WHERE `user_id` = '18' LIMIT 1   [ RunTime:0.0000s ]
SQL: SHOW COLUMNS FROM `fz_role` [ RunTime:0.0020s ]
SQL: SELECT `id` FROM `fz_role` WHERE `id` = 20 LIMIT 1   [ RunTime:0.0000s ]
SQL: SHOW COLUMNS FROM `fz_node` [ RunTime:0.0030s ]
NOTIC: [8] Undefined index: mapping_order D:\PHPServer\Apache24\htdocs\xinyi\ThinkPHP\Library\Think\Model\RelationModel.class.php 第 186 行.
NOTIC: [8] Undefined index: mapping_limit D:\PHPServer\Apache24\htdocs\xinyi\ThinkPHP\Library\Think\Model\RelationModel.class.php 第 187 行.
NOTIC: [8] Undefined index: relation_foreign_key D:\PHPServer\Apache24\htdocs\xinyi\ThinkPHP\Library\Think\Model\RelationModel.class.php 第 188 行.
SQL: SELECT b.id,name,pid FROM fz_access AS a, fz_node AS b WHERE a.node_id = b.id AND a. role_id='20' [ RunTime:0.0000s ]
INFO: [ view_parse ] --START--
INFO: [ template_filter ] --START--
INFO: Run Behavior\ContentReplaceBehavior [ RunTime:0.000000s ]
INFO: [ template_filter ] --END-- [ RunTime:0.000000s ]
INFO: Run Behavior\ParseTemplateBehavior [ RunTime:0.008000s ]
INFO: [ view_parse ] --END-- [ RunTime:0.008000s ]
INFO: [ view_filter ] --START--
INFO: Run Behavior\WriteHtmlCacheBehavior [ RunTime:0.001000s ]
INFO: [ view_filter ] --END-- [ RunTime:0.001000s ]
SQL: SHOW COLUMNS FROM `fz_ptype` [ RunTime:0.0050s ]
SQL: SELECT * FROM `fz_ptype`  [ RunTime:0.0010s ]
INFO: [ view_parse ] --START--
INFO: [ template_filter ] --START--
INFO: Run Behavior\ContentReplaceBehavior [ RunTime:0.000000s ]
INFO: [ template_filter ] --END-- [ RunTime:-0.013001s ]
NOTIC: [8] Undefined index: name D:\PHPServer\Apache24\htdocs\xinyi\Runtime\Cache\Admin\707b16be43de1247e1cd48ae9a29332d.php 第 30 行.
NOTIC: [8] Undefined index: name D:\PHPServer\Apache24\htdocs\xinyi\Runtime\Cache\Admin\707b16be43de1247e1cd48ae9a29332d.php 第 30 行.
NOTIC: [8] Undefined index: name D:\PHPServer\Apache24\htdocs\xinyi\Runtime\Cache\Admin\707b16be43de1247e1cd48ae9a29332d.php 第 30 行.
NOTIC: [8] Undefined index: name D:\PHPServer\Apache24\htdocs\xinyi\Runtime\Cache\Admin\707b16be43de1247e1cd48ae9a29332d.php 第 30 行.
NOTIC: [8] Undefined index: name D:\PHPServer\Apache24\htdocs\xinyi\Runtime\Cache\Admin\707b16be43de1247e1cd48ae9a29332d.php 第 30 行.
NOTIC: [8] Undefined index: name D:\PHPServer\Apache24\htdocs\xinyi\Runtime\Cache\Admin\707b16be43de1247e1cd48ae9a29332d.php 第 30 行.
INFO: Run Behavior\ParseTemplateBehavior [ RunTime:0.003000s ]
INFO: [ view_parse ] --END-- [ RunTime:-0.009001s ]
INFO: [ view_filter ] --START--
INFO: Run Behavior\WriteHtmlCacheBehavior [ RunTime:0.000000s ]
INFO: [ view_filter ] --END-- [ RunTime:-0.011001s ]
INFO: [ app_end ] --START--
INFO: Run Behavior\ShowPageTraceBehavior [ RunTime:0.001000s ]
INFO: [ app_end ] --END-- [ RunTime:0.001000s ]

[ 2017-05-09T19:29:22+08:00 ] 192.168.1.88 /xinyi/Admin/Product/find
INFO: [ app_init ] --START--
INFO: Run Behavior\BuildLiteBehavior [ RunTime:0.000000s ]
INFO: [ app_init ] --END-- [ RunTime:0.001000s ]
INFO: [ app_begin ] --START--
INFO: Run Behavior\ReadHtmlCacheBehavior [ RunTime:0.002000s ]
INFO: [ app_begin ] --END-- [ RunTime:0.002000s ]
SQL: SHOW COLUMNS FROM `fz_role_user` [ RunTime:0.0030s ]
SQL: SELECT * FROM `fz_role_user` WHERE `user_id` = '18' LIMIT 1   [ RunTime:0.0000s ]
SQL: SHOW COLUMNS FROM `fz_role` [ RunTime:0.0040s ]
SQL: SELECT `id` FROM `fz_role` WHERE `id` = 20 LIMIT 1   [ RunTime:0.0000s ]
SQL: SHOW COLUMNS FROM `fz_node` [ RunTime:0.0030s ]
NOTIC: [8] Undefined index: mapping_order D:\PHPServer\Apache24\htdocs\xinyi\ThinkPHP\Library\Think\Model\RelationModel.class.php 第 186 行.
NOTIC: [8] Undefined index: mapping_limit D:\PHPServer\Apache24\htdocs\xinyi\ThinkPHP\Library\Think\Model\RelationModel.class.php 第 187 行.
NOTIC: [8] Undefined index: relation_foreign_key D:\PHPServer\Apache24\htdocs\xinyi\ThinkPHP\Library\Think\Model\RelationModel.class.php 第 188 行.
SQL: SELECT b.id,name,pid FROM fz_access AS a, fz_node AS b WHERE a.node_id = b.id AND a. role_id='20' [ RunTime:0.0010s ]
INFO: [ view_parse ] --START--
INFO: [ template_filter ] --START--
INFO: Run Behavior\ContentReplaceBehavior [ RunTime:0.000000s ]
INFO: [ template_filter ] --END-- [ RunTime:0.000000s ]
INFO: Run Behavior\ParseTemplateBehavior [ RunTime:0.009000s ]
INFO: [ view_parse ] --END-- [ RunTime:0.009000s ]
INFO: [ view_filter ] --START--
INFO: Run Behavior\WriteHtmlCacheBehavior [ RunTime:0.001000s ]
INFO: [ view_filter ] --END-- [ RunTime:0.001000s ]
INFO: [ view_parse ] --START--
INFO: [ template_filter ] --START--
INFO: Run Behavior\ContentReplaceBehavior [ RunTime:0.000000s ]
INFO: [ template_filter ] --END-- [ RunTime:-0.004000s ]
INFO: Run Behavior\ParseTemplateBehavior [ RunTime:0.002001s ]
INFO: [ view_parse ] --END-- [ RunTime:-0.002000s ]
INFO: [ view_filter ] --START--
INFO: Run Behavior\WriteHtmlCacheBehavior [ RunTime:0.000000s ]
INFO: [ view_filter ] --END-- [ RunTime:-0.003001s ]
INFO: [ app_end ] --START--
INFO: Run Behavior\ShowPageTraceBehavior [ RunTime:0.001000s ]
INFO: [ app_end ] --END-- [ RunTime:0.001000s ]

[ 2017-05-09T19:29:23+08:00 ] 192.168.1.88 /xinyi/Admin/Product
INFO: [ app_init ] --START--
INFO: Run Behavior\BuildLiteBehavior [ RunTime:0.001000s ]
INFO: [ app_init ] --END-- [ RunTime:0.001000s ]
INFO: [ app_begin ] --START--
INFO: Run Behavior\ReadHtmlCacheBehavior [ RunTime:0.001001s ]
INFO: [ app_begin ] --END-- [ RunTime:0.001001s ]
SQL: SHOW COLUMNS FROM `fz_role_user` [ RunTime:0.0030s ]
SQL: SELECT * FROM `fz_role_user` WHERE `user_id` = '18' LIMIT 1   [ RunTime:0.0000s ]
SQL: SHOW COLUMNS FROM `fz_role` [ RunTime:0.0030s ]
SQL: SELECT `id` FROM `fz_role` WHERE `id` = 20 LIMIT 1   [ RunTime:0.0000s ]
SQL: SHOW COLUMNS FROM `fz_node` [ RunTime:0.0030s ]
NOTIC: [8] Undefined index: mapping_order D:\PHPServer\Apache24\htdocs\xinyi\ThinkPHP\Library\Think\Model\RelationModel.class.php 第 186 行.
NOTIC: [8] Undefined index: mapping_limit D:\PHPServer\Apache24\htdocs\xinyi\ThinkPHP\Library\Think\Model\RelationModel.class.php 第 187 行.
NOTIC: [8] Undefined index: relation_foreign_key D:\PHPServer\Apache24\htdocs\xinyi\ThinkPHP\Library\Think\Model\RelationModel.class.php 第 188 行.
SQL: SELECT b.id,name,pid FROM fz_access AS a, fz_node AS b WHERE a.node_id = b.id AND a. role_id='20' [ RunTime:0.0000s ]
INFO: [ view_parse ] --START--
INFO: [ template_filter ] --START--
INFO: Run Behavior\ContentReplaceBehavior [ RunTime:0.000000s ]
INFO: [ template_filter ] --END-- [ RunTime:0.000000s ]
INFO: Run Behavior\ParseTemplateBehavior [ RunTime:0.008001s ]
INFO: [ view_parse ] --END-- [ RunTime:0.009001s ]
INFO: [ view_filter ] --START--
INFO: Run Behavior\WriteHtmlCacheBehavior [ RunTime:0.000000s ]
INFO: [ view_filter ] --END-- [ RunTime:0.000000s ]
SQL: SHOW COLUMNS FROM `fz_pattr` [ RunTime:0.0020s ]
SQL: SELECT * FROM `fz_pattr`  [ RunTime:0.0010s ]
SQL: SHOW COLUMNS FROM `fz_ptype` [ RunTime:0.0020s ]
SQL: SELECT * FROM `fz_ptype`  [ RunTime:0.0000s ]
INFO: [ view_parse ] --START--
INFO: [ template_filter ] --START--
INFO: Run Behavior\ContentReplaceBehavior [ RunTime:0.000000s ]
INFO: [ template_filter ] --END-- [ RunTime:-0.013001s ]
INFO: Run Behavior\ParseTemplateBehavior [ RunTime:0.004001s ]
INFO: [ view_parse ] --END-- [ RunTime:-0.007000s ]
INFO: [ view_filter ] --START--
INFO: Run Behavior\WriteHtmlCacheBehavior [ RunTime:0.000000s ]
INFO: [ view_filter ] --END-- [ RunTime:-0.011001s ]
INFO: [ app_end ] --START--
INFO: Run Behavior\ShowPageTraceBehavior [ RunTime:0.002000s ]
INFO: [ app_end ] --END-- [ RunTime:0.002000s ]

[ 2017-05-09T19:29:25+08:00 ] 192.168.1.88 /xinyi/Admin/Product/find
INFO: [ app_init ] --START--
INFO: Run Behavior\BuildLiteBehavior [ RunTime:0.000000s ]
INFO: [ app_init ] --END-- [ RunTime:0.001000s ]
INFO: [ app_begin ] --START--
INFO: Run Behavior\ReadHtmlCacheBehavior [ RunTime:0.001000s ]
INFO: [ app_begin ] --END-- [ RunTime:0.001000s ]
SQL: SHOW COLUMNS FROM `fz_role_user` [ RunTime:0.0030s ]
SQL: SELECT * FROM `fz_role_user` WHERE `user_id` = '18' LIMIT 1   [ RunTime:0.0000s ]
SQL: SHOW COLUMNS FROM `fz_role` [ RunTime:0.0020s ]
SQL: SELECT `id` FROM `fz_role` WHERE `id` = 20 LIMIT 1   [ RunTime:0.0010s ]
SQL: SHOW COLUMNS FROM `fz_node` [ RunTime:0.0030s ]
NOTIC: [8] Undefined index: mapping_order D:\PHPServer\Apache24\htdocs\xinyi\ThinkPHP\Library\Think\Model\RelationModel.class.php 第 186 行.
NOTIC: [8] Undefined index: mapping_limit D:\PHPServer\Apache24\htdocs\xinyi\ThinkPHP\Library\Think\Model\RelationModel.class.php 第 187 行.
NOTIC: [8] Undefined index: relation_foreign_key D:\PHPServer\Apache24\htdocs\xinyi\ThinkPHP\Library\Think\Model\RelationModel.class.php 第 188 行.
SQL: SELECT b.id,name,pid FROM fz_access AS a, fz_node AS b WHERE a.node_id = b.id AND a. role_id='20' [ RunTime:0.0010s ]
INFO: [ view_parse ] --START--
INFO: [ template_filter ] --START--
INFO: Run Behavior\ContentReplaceBehavior [ RunTime:0.000000s ]
INFO: [ template_filter ] --END-- [ RunTime:0.001000s ]
INFO: Run Behavior\ParseTemplateBehavior [ RunTime:0.007000s ]
INFO: [ view_parse ] --END-- [ RunTime:0.007000s ]
INFO: [ view_filter ] --START--
INFO: Run Behavior\WriteHtmlCacheBehavior [ RunTime:0.001000s ]
INFO: [ view_filter ] --END-- [ RunTime:0.001000s ]
INFO: [ view_parse ] --START--
INFO: [ template_filter ] --START--
INFO: Run Behavior\ContentReplaceBehavior [ RunTime:0.000000s ]
INFO: [ template_filter ] --END-- [ RunTime:-0.003000s ]
INFO: Run Behavior\ParseTemplateBehavior [ RunTime:0.001000s ]
INFO: [ view_parse ] --END-- [ RunTime:-0.002000s ]
INFO: [ view_filter ] --START--
INFO: Run Behavior\WriteHtmlCacheBehavior [ RunTime:0.000000s ]
INFO: [ view_filter ] --END-- [ RunTime:-0.002000s ]
INFO: [ app_end ] --START--
INFO: Run Behavior\ShowPageTraceBehavior [ RunTime:0.001000s ]
INFO: [ app_end ] --END-- [ RunTime:0.001000s ]

[ 2017-05-09T19:29:28+08:00 ] 192.168.1.88 /xinyi/Admin/Attr
INFO: [ app_init ] --START--
INFO: Run Behavior\BuildLiteBehavior [ RunTime:0.000000s ]
INFO: [ app_init ] --END-- [ RunTime:0.001000s ]
INFO: [ app_begin ] --START--
INFO: Run Behavior\ReadHtmlCacheBehavior [ RunTime:0.002000s ]
INFO: [ app_begin ] --END-- [ RunTime:0.002000s ]
SQL: SHOW COLUMNS FROM `fz_role_user` [ RunTime:0.0030s ]
SQL: SELECT * FROM `fz_role_user` WHERE `user_id` = '18' LIMIT 1   [ RunTime:0.0000s ]
SQL: SHOW COLUMNS FROM `fz_role` [ RunTime:0.0030s ]
SQL: SELECT `id` FROM `fz_role` WHERE `id` = 20 LIMIT 1   [ RunTime:0.0000s ]
SQL: SHOW COLUMNS FROM `fz_node` [ RunTime:0.0030s ]
NOTIC: [8] Undefined index: mapping_order D:\PHPServer\Apache24\htdocs\xinyi\ThinkPHP\Library\Think\Model\RelationModel.class.php 第 186 行.
NOTIC: [8] Undefined index: mapping_limit D:\PHPServer\Apache24\htdocs\xinyi\ThinkPHP\Library\Think\Model\RelationModel.class.php 第 187 行.
NOTIC: [8] Undefined index: relation_foreign_key D:\PHPServer\Apache24\htdocs\xinyi\ThinkPHP\Library\Think\Model\RelationModel.class.php 第 188 行.
SQL: SELECT b.id,name,pid FROM fz_access AS a, fz_node AS b WHERE a.node_id = b.id AND a. role_id='20' [ RunTime:0.0010s ]
INFO: [ view_parse ] --START--
INFO: [ template_filter ] --START--
INFO: Run Behavior\ContentReplaceBehavior [ RunTime:0.000000s ]
INFO: [ template_filter ] --END-- [ RunTime:0.000000s ]
INFO: Run Behavior\ParseTemplateBehavior [ RunTime:0.008000s ]
INFO: [ view_parse ] --END-- [ RunTime:0.008000s ]
INFO: [ view_filter ] --START--
INFO: Run Behavior\WriteHtmlCacheBehavior [ RunTime:0.000000s ]
INFO: [ view_filter ] --END-- [ RunTime:0.000000s ]
SQL: SHOW COLUMNS FROM `fz_pattr` [ RunTime:0.0020s ]
SQL: SELECT * FROM `fz_pattr`  [ RunTime:0.0010s ]
INFO: [ view_parse ] --START--
INFO: [ template_filter ] --START--
INFO: Run Behavior\ContentReplaceBehavior [ RunTime:0.000000s ]
INFO: [ template_filter ] --END-- [ RunTime:-0.007000s ]
INFO: Run Behavior\ParseTemplateBehavior [ RunTime:0.003000s ]
INFO: [ view_parse ] --END-- [ RunTime:-0.004000s ]
INFO: [ view_filter ] --START--
INFO: Run Behavior\WriteHtmlCacheBehavior [ RunTime:0.000000s ]
INFO: [ view_filter ] --END-- [ RunTime:-0.007000s ]
INFO: [ app_end ] --START--
INFO: Run Behavior\ShowPageTraceBehavior [ RunTime:0.001001s ]
INFO: [ app_end ] --END-- [ RunTime:0.001001s ]

[ 2017-05-09T19:29:29+08:00 ] 192.168.1.88 /xinyi/Admin/Welcome
INFO: [ app_init ] --START--
INFO: Run Behavior\BuildLiteBehavior [ RunTime:0.000000s ]
INFO: [ app_init ] --END-- [ RunTime:0.002000s ]
INFO: [ app_begin ] --START--
INFO: Run Behavior\ReadHtmlCacheBehavior [ RunTime:0.001000s ]
INFO: [ app_begin ] --END-- [ RunTime:0.001000s ]
SQL: SHOW COLUMNS FROM `fz_role_user` [ RunTime:0.0030s ]
SQL: SELECT * FROM `fz_role_user` WHERE `user_id` = '18' LIMIT 1   [ RunTime:0.0000s ]
SQL: SHOW COLUMNS FROM `fz_role` [ RunTime:0.0020s ]
SQL: SELECT `id` FROM `fz_role` WHERE `id` = 20 LIMIT 1   [ RunTime:0.0000s ]
SQL: SHOW COLUMNS FROM `fz_node` [ RunTime:0.0020s ]
NOTIC: [8] Undefined index: mapping_order D:\PHPServer\Apache24\htdocs\xinyi\ThinkPHP\Library\Think\Model\RelationModel.class.php 第 186 行.
NOTIC: [8] Undefined index: mapping_limit D:\PHPServer\Apache24\htdocs\xinyi\ThinkPHP\Library\Think\Model\RelationModel.class.php 第 187 行.
NOTIC: [8] Undefined index: relation_foreign_key D:\PHPServer\Apache24\htdocs\xinyi\ThinkPHP\Library\Think\Model\RelationModel.class.php 第 188 行.
SQL: SELECT b.id,name,pid FROM fz_access AS a, fz_node AS b WHERE a.node_id = b.id AND a. role_id='20' [ RunTime:0.0000s ]
INFO: [ view_parse ] --START--
INFO: [ template_filter ] --START--
INFO: Run Behavior\ContentReplaceBehavior [ RunTime:0.000000s ]
INFO: [ template_filter ] --END-- [ RunTime:0.000000s ]
INFO: Run Behavior\ParseTemplateBehavior [ RunTime:0.008001s ]
INFO: [ view_parse ] --END-- [ RunTime:0.008001s ]
INFO: [ view_filter ] --START--
INFO: Run Behavior\WriteHtmlCacheBehavior [ RunTime:0.001000s ]
INFO: [ view_filter ] --END-- [ RunTime:0.001000s ]
SQL: SHOW COLUMNS FROM `fz_welcome` [ RunTime:0.0020s ]
SQL: SELECT * FROM `fz_welcome`  [ RunTime:0.0000s ]
INFO: [ view_parse ] --START--
INFO: [ template_filter ] --START--
INFO: Run Behavior\ContentReplaceBehavior [ RunTime:0.000000s ]
INFO: [ template_filter ] --END-- [ RunTime:-0.008000s ]
INFO: Run Behavior\ParseTemplateBehavior [ RunTime:0.003000s ]
INFO: [ view_parse ] --END-- [ RunTime:-0.004000s ]
INFO: [ view_filter ] --START--
INFO: Run Behavior\WriteHtmlCacheBehavior [ RunTime:0.000000s ]
INFO: [ view_filter ] --END-- [ RunTime:-0.006000s ]
INFO: [ app_end ] --START--
INFO: Run Behavior\ShowPageTraceBehavior [ RunTime:0.001000s ]
INFO: [ app_end ] --END-- [ RunTime:0.001000s ]

[ 2017-05-09T19:29:30+08:00 ] 192.168.1.88 /xinyi/Admin/HomeShop
INFO: [ app_init ] --START--
INFO: Run Behavior\BuildLiteBehavior [ RunTime:0.000000s ]
INFO: [ app_init ] --END-- [ RunTime:0.000000s ]
INFO: [ app_begin ] --START--
INFO: Run Behavior\ReadHtmlCacheBehavior [ RunTime:0.000000s ]
INFO: [ app_begin ] --END-- [ RunTime:0.000000s ]
SQL: SHOW COLUMNS FROM `fz_role_user` [ RunTime:0.0030s ]
SQL: SELECT * FROM `fz_role_user` WHERE `user_id` = '18' LIMIT 1   [ RunTime:0.0000s ]
SQL: SHOW COLUMNS FROM `fz_role` [ RunTime:0.0020s ]
SQL: SELECT `id` FROM `fz_role` WHERE `id` = 20 LIMIT 1   [ RunTime:0.0010s ]
SQL: SHOW COLUMNS FROM `fz_node` [ RunTime:0.0030s ]
NOTIC: [8] Undefined index: mapping_order D:\PHPServer\Apache24\htdocs\xinyi\ThinkPHP\Library\Think\Model\RelationModel.class.php 第 186 行.
NOTIC: [8] Undefined index: mapping_limit D:\PHPServer\Apache24\htdocs\xinyi\ThinkPHP\Library\Think\Model\RelationModel.class.php 第 187 行.
NOTIC: [8] Undefined index: relation_foreign_key D:\PHPServer\Apache24\htdocs\xinyi\ThinkPHP\Library\Think\Model\RelationModel.class.php 第 188 行.
SQL: SELECT b.id,name,pid FROM fz_access AS a, fz_node AS b WHERE a.node_id = b.id AND a. role_id='20' [ RunTime:0.0000s ]
INFO: [ view_parse ] --START--
INFO: [ template_filter ] --START--
INFO: Run Behavior\ContentReplaceBehavior [ RunTime:0.000000s ]
INFO: [ template_filter ] --END-- [ RunTime:0.000000s ]
INFO: Run Behavior\ParseTemplateBehavior [ RunTime:0.008001s ]
INFO: [ view_parse ] --END-- [ RunTime:0.008001s ]
INFO: [ view_filter ] --START--
INFO: Run Behavior\WriteHtmlCacheBehavior [ RunTime:0.001000s ]
INFO: [ view_filter ] --END-- [ RunTime:0.001000s ]
SQL: SHOW COLUMNS FROM `fz_shop` [ RunTime:0.0030s ]
SQL: SELECT `id`,`shopname`,`peoplename`,`peoplephone`,`shopphone`,`address`,`regtime` FROM `fz_shop` WHERE `type` = 1  [ RunTime:0.0010s ]
SQL: SHOW COLUMNS FROM `fz_shop_home` [ RunTime:0.0020s ]
SQL: SELECT `show` FROM `fz_shop_home` WHERE ( 1=1 AND shop_id='26' ) LIMIT 1   [ RunTime:0.0000s ]
SQL: SELECT `show` FROM `fz_shop_home` WHERE ( 1=1 AND shop_id='27' ) LIMIT 1   [ RunTime:0.0000s ]
SQL: SELECT `show` FROM `fz_shop_home` WHERE ( 1=1 AND shop_id='28' ) LIMIT 1   [ RunTime:0.0000s ]
SQL: SELECT `show` FROM `fz_shop_home` WHERE ( 1=1 AND shop_id='29' ) LIMIT 1   [ RunTime:0.0000s ]
SQL: SELECT `show` FROM `fz_shop_home` WHERE ( 1=1 AND shop_id='30' ) LIMIT 1   [ RunTime:0.0010s ]
INFO: [ view_parse ] --START--
INFO: [ template_filter ] --START--
INFO: Run Behavior\ContentReplaceBehavior [ RunTime:0.000000s ]
INFO: [ template_filter ] --END-- [ RunTime:-0.015001s ]
INFO: Run Behavior\ParseTemplateBehavior [ RunTime:0.004000s ]
INFO: [ view_parse ] --END-- [ RunTime:-0.011000s ]
INFO: [ view_filter ] --START--
INFO: Run Behavior\WriteHtmlCacheBehavior [ RunTime:0.000000s ]
INFO: [ view_filter ] --END-- [ RunTime:-0.014000s ]
INFO: [ app_end ] --START--
INFO: Run Behavior\ShowPageTraceBehavior [ RunTime:0.001000s ]
INFO: [ app_end ] --END-- [ RunTime:0.001000s ]

[ 2017-05-09T19:29:30+08:00 ] 192.168.1.88 /xinyi/Admin/Product/find
INFO: [ app_init ] --START--
INFO: Run Behavior\BuildLiteBehavior [ RunTime:0.000000s ]
INFO: [ app_init ] --END-- [ RunTime:0.001000s ]
INFO: [ app_begin ] --START--
INFO: Run Behavior\ReadHtmlCacheBehavior [ RunTime:0.002001s ]
INFO: [ app_begin ] --END-- [ RunTime:0.002001s ]
SQL: SHOW COLUMNS FROM `fz_role_user` [ RunTime:0.0030s ]
SQL: SELECT * FROM `fz_role_user` WHERE `user_id` = '18' LIMIT 1   [ RunTime:0.0000s ]
SQL: SHOW COLUMNS FROM `fz_role` [ RunTime:0.0020s ]
SQL: SELECT `id` FROM `fz_role` WHERE `id` = 20 LIMIT 1   [ RunTime:0.0000s ]
SQL: SHOW COLUMNS FROM `fz_node` [ RunTime:0.0020s ]
NOTIC: [8] Undefined index: mapping_order D:\PHPServer\Apache24\htdocs\xinyi\ThinkPHP\Library\Think\Model\RelationModel.class.php 第 186 行.
NOTIC: [8] Undefined index: mapping_limit D:\PHPServer\Apache24\htdocs\xinyi\ThinkPHP\Library\Think\Model\RelationModel.class.php 第 187 行.
NOTIC: [8] Undefined index: relation_foreign_key D:\PHPServer\Apache24\htdocs\xinyi\ThinkPHP\Library\Think\Model\RelationModel.class.php 第 188 行.
SQL: SELECT b.id,name,pid FROM fz_access AS a, fz_node AS b WHERE a.node_id = b.id AND a. role_id='20' [ RunTime:0.0000s ]
INFO: [ view_parse ] --START--
INFO: [ template_filter ] --START--
INFO: Run Behavior\ContentReplaceBehavior [ RunTime:0.001000s ]
INFO: [ template_filter ] --END-- [ RunTime:0.001000s ]
INFO: Run Behavior\ParseTemplateBehavior [ RunTime:0.007000s ]
INFO: [ view_parse ] --END-- [ RunTime:0.007000s ]
INFO: [ view_filter ] --START--
INFO: Run Behavior\WriteHtmlCacheBehavior [ RunTime:0.001000s ]
INFO: [ view_filter ] --END-- [ RunTime:0.001000s ]
INFO: [ view_parse ] --START--
INFO: [ template_filter ] --START--
INFO: Run Behavior\ContentReplaceBehavior [ RunTime:0.000000s ]
INFO: [ template_filter ] --END-- [ RunTime:-0.003000s ]
INFO: Run Behavior\ParseTemplateBehavior [ RunTime:0.002000s ]
INFO: [ view_parse ] --END-- [ RunTime:-0.001000s ]
INFO: [ view_filter ] --START--
INFO: Run Behavior\WriteHtmlCacheBehavior [ RunTime:0.000000s ]
INFO: [ view_filter ] --END-- [ RunTime:-0.002000s ]
INFO: [ app_end ] --START--
INFO: Run Behavior\ShowPageTraceBehavior [ RunTime:0.001001s ]
INFO: [ app_end ] --END-- [ RunTime:0.001001s ]

